190 16:01:05.457 [root] [INFO] : norm: '_norm_vect', problem: 'LS SC'
190 16:01:06.727 [root] [INFO] : y_slice: slice(623, 641, None), x_slice: slice(448, 654, None)
190 16:01:06.868 [root] [INFO] : merged.data.shape=(216, 37)
190 16:01:06.868 [root] [INFO] : merged.target.shape=(216,)
190 16:01:07.954 [root] [INFO] : y_slice: slice(596, 617, None), x_slice: slice(501, 679, None)
190 16:01:08.089 [root] [INFO] : merged.data.shape=(213, 37)
190 16:01:08.089 [root] [INFO] : merged.target.shape=(213,)
190 16:01:08.952 [root] [INFO] : y_slice: slice(603, 611, None), x_slice: slice(706, 752, None)
190 16:01:08.982 [root] [INFO] : merged.data.shape=(48, 37)
190 16:01:08.982 [root] [INFO] : merged.target.shape=(48,)
190 16:01:08.982 [root] [INFO] : ds_x.shape=(477, 37)
190 16:01:08.982 [root] [INFO] : checking for class imbalance:
190 16:01:08.982 [root] [INFO] : occurrence_per_class: {'LS': 304, 'SC': 173}
190 16:01:08.982 [root] [INFO] : max rel. occurrence = 0.6373
190 16:01:08.982 [root] [INFO] : min rel. occurrence = 0.3627
190 16:01:08.983 [root] [INFO] : . . .  1 / #classes = 0.5000
190 16:01:08.983 [root] [INFO] : terms: ['LS', 'SC']
190 16:01:08.983 [root] [INFO] : starting assessment procedure
190 16:03:13.053 [root] [INFO] : duration: 124.07053899765015
190 16:03:13.054 [root] [INFO] : scores: [0.8125     0.82291667 0.78947368 0.78947368 0.76842105] (0.7965570175438597 pm 0.021453376979170515)
190 16:03:13.054 [root] [INFO] : starting selection procedure
190 16:03:40.382 [root] [INFO] : duration: 27.327450275421143
190 16:03:40.382 [root] [INFO] : model: <class 'sklearn.ensemble._forest.ExtraTreesClassifier'>, parameters: {'max_depth': 20, 'max_features': None, 'n_estimators': 200}
190 16:03:40.382 [root] [INFO] : training model
190 16:03:40.554 [root] [INFO] : feature importances:
190 16:03:40.573 [root] [INFO] :   00 (     X-X-x-farnesene) : 0.0140
190 16:03:40.573 [root] [INFO] :   01 (         hexadecanol) : 0.0122
190 16:03:40.574 [root] [INFO] :   02 (  hexcadecyl acetate) : 0.0062
190 16:03:40.574 [root] [INFO] :   03 (                  AA) : 0.0041
190 16:03:40.574 [root] [INFO] :   04 (            15d PGJ2) : 0.0000
190 16:03:40.574 [root] [INFO] :   05 (          12/15sHETE) : 0.0019
190 16:03:40.574 [root] [INFO] :   06 (                PGJ2) : 0.0033
190 16:03:40.574 [root] [INFO] :   07 (                LTB4) : 0.0048
190 16:03:40.574 [root] [INFO] :   08 (         PGD2 / PGE2) : 0.0014
190 16:03:40.574 [root] [INFO] :   09 (               PGF2a) : 0.0000
190 16:03:40.574 [root] [INFO] :   10 (   Neuroprotectin D1) : 0.0063
190 16:03:40.574 [root] [INFO] :   11 (                TXB2) : 0.0008
190 16:03:40.574 [root] [INFO] :   12 (         Resolvin D1) : 0.0014
190 16:03:40.574 [root] [INFO] :   13 (Sphingosine-1-pho...) : 0.0000
190 16:03:40.574 [root] [INFO] :   14 (             LysoPPC) : 0.0668
190 16:03:40.574 [root] [INFO] :   15 (LysoSPC/  PAF -O-...) : 0.0460
190 16:03:40.574 [root] [INFO] :   16 (       PC 20:3, Lyso) : 0.0206
190 16:03:40.574 [root] [INFO] :   17 ( PC 18:1 C1 Carbonyl) : 0.0186
190 16:03:40.574 [root] [INFO] :   18 (         PAF -O-18:0) : 0.0146
190 16:03:40.574 [root] [INFO] :   19 (               POVPC) : 0.0053
190 16:03:40.574 [root] [INFO] :   20 ( PC 22:6 C1 Carbonyl) : 0.0026
190 16:03:40.574 [root] [INFO] :   21 (                PGPC) : 0.0102
190 16:03:40.574 [root] [INFO] :   22 (               PONPC) : 0.0175
190 16:03:40.574 [root] [INFO] :   23 (PC 16:0 C9 Carbon...) : 0.0161
190 16:03:40.574 [root] [INFO] :   24 (               PAzPC) : 0.0611
190 16:03:40.574 [root] [INFO] :   25 (                DPPC) : 0.1162
190 16:03:40.575 [root] [INFO] :   26 (                PLPC) : 0.0872
190 16:03:40.575 [root] [INFO] :   27 (                PAPC) : 0.1210
190 16:03:40.575 [root] [INFO] :   28 (                SLPC) : 0.0876
190 16:03:40.575 [root] [INFO] :   29 (             PAPC-OH) : 0.0327
190 16:03:40.575 [root] [INFO] :   30 (               PDHPC) : 0.1042
190 16:03:40.575 [root] [INFO] :   31 (               PECPC) : 0.0109
190 16:03:40.575 [root] [INFO] :   32 (                SAPC) : 0.0569
190 16:03:40.575 [root] [INFO] :   33 (             isoPGJ2) : 0.0173
190 16:03:40.575 [root] [INFO] :   34 (            PAPC-OOH) : 0.0159
190 16:03:40.575 [root] [INFO] :   35 (               PEIPC) : 0.0051
190 16:03:40.575 [root] [INFO] :   36 (          isoPGF-PPC) : 0.0093
190 16:03:43.121 [root] [INFO] : done
