190 15:17:28.667 [root] [INFO] : norm: '_norm_max', problem: 'LS SC'
190 15:17:30.014 [root] [INFO] : y_slice: slice(623, 641, None), x_slice: slice(448, 654, None)
190 15:17:30.151 [root] [INFO] : merged.data.shape=(216, 37)
190 15:17:30.151 [root] [INFO] : merged.target.shape=(216,)
190 15:17:31.345 [root] [INFO] : y_slice: slice(596, 617, None), x_slice: slice(501, 679, None)
190 15:17:31.479 [root] [INFO] : merged.data.shape=(213, 37)
190 15:17:31.479 [root] [INFO] : merged.target.shape=(213,)
190 15:17:32.414 [root] [INFO] : y_slice: slice(603, 611, None), x_slice: slice(706, 752, None)
190 15:17:32.443 [root] [INFO] : merged.data.shape=(48, 37)
190 15:17:32.443 [root] [INFO] : merged.target.shape=(48,)
190 15:17:32.443 [root] [INFO] : ds_x.shape=(477, 37)
190 15:17:32.443 [root] [INFO] : checking for class imbalance:
190 15:17:32.444 [root] [INFO] : occurrence_per_class: {'LS': 304, 'SC': 173}
190 15:17:32.444 [root] [INFO] : max rel. occurrence = 0.6373
190 15:17:32.444 [root] [INFO] : min rel. occurrence = 0.3627
190 15:17:32.444 [root] [INFO] : . . .  1 / #classes = 0.5000
190 15:17:32.444 [root] [INFO] : terms: ['LS', 'SC']
190 15:17:32.444 [root] [INFO] : starting assessment procedure
190 15:19:34.562 [root] [INFO] : duration: 122.11808133125305
190 15:19:34.562 [root] [INFO] : scores: [0.76041667 0.8125     0.82105263 0.77894737 0.75789474] (0.7861622807017544 pm 0.029261568991109887)
190 15:19:34.563 [root] [INFO] : starting selection procedure
190 15:20:01.759 [root] [INFO] : duration: 27.195775032043457
190 15:20:01.759 [root] [INFO] : model: <class 'sklearn.ensemble._forest.ExtraTreesClassifier'>, parameters: {'max_depth': 20, 'max_features': 'sqrt', 'n_estimators': 1000}
190 15:20:01.759 [root] [INFO] : training model
190 15:20:02.558 [root] [INFO] : feature importances:
190 15:20:02.650 [root] [INFO] :   00 (     X-X-x-farnesene) : 0.0167
190 15:20:02.651 [root] [INFO] :   01 (         hexadecanol) : 0.0127
190 15:20:02.651 [root] [INFO] :   02 (  hexcadecyl acetate) : 0.0092
190 15:20:02.651 [root] [INFO] :   03 (                  AA) : 0.0075
190 15:20:02.651 [root] [INFO] :   04 (            15d PGJ2) : 0.0000
190 15:20:02.651 [root] [INFO] :   05 (          12/15sHETE) : 0.0068
190 15:20:02.651 [root] [INFO] :   06 (                PGJ2) : 0.0038
190 15:20:02.651 [root] [INFO] :   07 (                LTB4) : 0.0054
190 15:20:02.651 [root] [INFO] :   08 (         PGD2 / PGE2) : 0.0033
190 15:20:02.651 [root] [INFO] :   09 (               PGF2a) : 0.0000
190 15:20:02.651 [root] [INFO] :   10 (   Neuroprotectin D1) : 0.0084
190 15:20:02.651 [root] [INFO] :   11 (                TXB2) : 0.0016
190 15:20:02.651 [root] [INFO] :   12 (         Resolvin D1) : 0.0051
190 15:20:02.651 [root] [INFO] :   13 (Sphingosine-1-pho...) : 0.0000
190 15:20:02.651 [root] [INFO] :   14 (             LysoPPC) : 0.0580
190 15:20:02.651 [root] [INFO] :   15 (LysoSPC/  PAF -O-...) : 0.0443
190 15:20:02.651 [root] [INFO] :   16 (       PC 20:3, Lyso) : 0.0218
190 15:20:02.651 [root] [INFO] :   17 ( PC 18:1 C1 Carbonyl) : 0.0253
190 15:20:02.651 [root] [INFO] :   18 (         PAF -O-18:0) : 0.0156
190 15:20:02.651 [root] [INFO] :   19 (               POVPC) : 0.0072
190 15:20:02.651 [root] [INFO] :   20 ( PC 22:6 C1 Carbonyl) : 0.0068
190 15:20:02.651 [root] [INFO] :   21 (                PGPC) : 0.0128
190 15:20:02.651 [root] [INFO] :   22 (               PONPC) : 0.0255
190 15:20:02.651 [root] [INFO] :   23 (PC 16:0 C9 Carbon...) : 0.0228
190 15:20:02.651 [root] [INFO] :   24 (               PAzPC) : 0.0562
190 15:20:02.652 [root] [INFO] :   25 (                DPPC) : 0.1055
190 15:20:02.652 [root] [INFO] :   26 (                PLPC) : 0.0988
190 15:20:02.652 [root] [INFO] :   27 (                PAPC) : 0.1056
190 15:20:02.652 [root] [INFO] :   28 (                SLPC) : 0.0635
190 15:20:02.652 [root] [INFO] :   29 (             PAPC-OH) : 0.0369
190 15:20:02.652 [root] [INFO] :   30 (               PDHPC) : 0.1054
190 15:20:02.652 [root] [INFO] :   31 (               PECPC) : 0.0096
190 15:20:02.652 [root] [INFO] :   32 (                SAPC) : 0.0556
190 15:20:02.652 [root] [INFO] :   33 (             isoPGJ2) : 0.0181
190 15:20:02.652 [root] [INFO] :   34 (            PAPC-OOH) : 0.0114
190 15:20:02.652 [root] [INFO] :   35 (               PEIPC) : 0.0062
190 15:20:02.652 [root] [INFO] :   36 (          isoPGF-PPC) : 0.0067
190 15:20:05.654 [root] [INFO] : done
