190 15:14:52.178 [root] [INFO] : norm: '_norm_max', problem: 'LS SC'
190 15:14:53.553 [root] [INFO] : y_slice: slice(623, 641, None), x_slice: slice(448, 654, None)
190 15:14:53.692 [root] [INFO] : merged.data.shape=(216, 37)
190 15:14:53.692 [root] [INFO] : merged.target.shape=(216,)
190 15:14:54.804 [root] [INFO] : y_slice: slice(596, 617, None), x_slice: slice(501, 679, None)
190 15:14:54.937 [root] [INFO] : merged.data.shape=(213, 37)
190 15:14:54.937 [root] [INFO] : merged.target.shape=(213,)
190 15:14:55.836 [root] [INFO] : y_slice: slice(603, 611, None), x_slice: slice(706, 752, None)
190 15:14:55.866 [root] [INFO] : merged.data.shape=(48, 37)
190 15:14:55.866 [root] [INFO] : merged.target.shape=(48,)
190 15:14:55.866 [root] [INFO] : ds_x.shape=(477, 37)
190 15:14:55.866 [root] [INFO] : checking for class imbalance:
190 15:14:55.867 [root] [INFO] : occurrence_per_class: {'LS': 304, 'SC': 173}
190 15:14:55.867 [root] [INFO] : max rel. occurrence = 0.6373
190 15:14:55.867 [root] [INFO] : min rel. occurrence = 0.3627
190 15:14:55.867 [root] [INFO] : . . .  1 / #classes = 0.5000
190 15:14:55.867 [root] [INFO] : terms: ['LS', 'SC']
190 15:14:55.867 [root] [INFO] : starting assessment procedure
190 15:16:57.108 [root] [INFO] : duration: 121.24112582206726
190 15:16:57.108 [root] [INFO] : scores: [0.78481013 0.81034483 0.7826087  0.73728814 0.65263158] (0.7535366728722497 pm 0.06224192879637437)
190 15:16:57.109 [root] [INFO] : starting selection procedure
190 15:17:23.708 [root] [INFO] : duration: 26.59929347038269
190 15:17:23.708 [root] [INFO] : model: <class 'sklearn.ensemble._forest.ExtraTreesClassifier'>, parameters: {'max_depth': 20, 'max_features': 'sqrt', 'n_estimators': 1000}
190 15:17:23.708 [root] [INFO] : training model
190 15:17:24.512 [root] [INFO] : feature importances:
190 15:17:24.604 [root] [INFO] :   00 (     X-X-x-farnesene) : 0.0165
190 15:17:24.604 [root] [INFO] :   01 (         hexadecanol) : 0.0126
190 15:17:24.604 [root] [INFO] :   02 (  hexcadecyl acetate) : 0.0084
190 15:17:24.604 [root] [INFO] :   03 (                  AA) : 0.0075
190 15:17:24.604 [root] [INFO] :   04 (            15d PGJ2) : 0.0000
190 15:17:24.604 [root] [INFO] :   05 (          12/15sHETE) : 0.0070
190 15:17:24.604 [root] [INFO] :   06 (                PGJ2) : 0.0036
190 15:17:24.604 [root] [INFO] :   07 (                LTB4) : 0.0050
190 15:17:24.604 [root] [INFO] :   08 (         PGD2 / PGE2) : 0.0034
190 15:17:24.604 [root] [INFO] :   09 (               PGF2a) : 0.0000
190 15:17:24.604 [root] [INFO] :   10 (   Neuroprotectin D1) : 0.0084
190 15:17:24.604 [root] [INFO] :   11 (                TXB2) : 0.0014
190 15:17:24.604 [root] [INFO] :   12 (         Resolvin D1) : 0.0053
190 15:17:24.604 [root] [INFO] :   13 (Sphingosine-1-pho...) : 0.0000
190 15:17:24.604 [root] [INFO] :   14 (             LysoPPC) : 0.0565
190 15:17:24.604 [root] [INFO] :   15 (LysoSPC/  PAF -O-...) : 0.0443
190 15:17:24.604 [root] [INFO] :   16 (       PC 20:3, Lyso) : 0.0225
190 15:17:24.604 [root] [INFO] :   17 ( PC 18:1 C1 Carbonyl) : 0.0254
190 15:17:24.605 [root] [INFO] :   18 (         PAF -O-18:0) : 0.0150
190 15:17:24.605 [root] [INFO] :   19 (               POVPC) : 0.0072
190 15:17:24.605 [root] [INFO] :   20 ( PC 22:6 C1 Carbonyl) : 0.0068
190 15:17:24.605 [root] [INFO] :   21 (                PGPC) : 0.0124
190 15:17:24.605 [root] [INFO] :   22 (               PONPC) : 0.0252
190 15:17:24.605 [root] [INFO] :   23 (PC 16:0 C9 Carbon...) : 0.0232
190 15:17:24.605 [root] [INFO] :   24 (               PAzPC) : 0.0561
190 15:17:24.605 [root] [INFO] :   25 (                DPPC) : 0.1051
190 15:17:24.605 [root] [INFO] :   26 (                PLPC) : 0.1023
190 15:17:24.605 [root] [INFO] :   27 (                PAPC) : 0.1072
190 15:17:24.605 [root] [INFO] :   28 (                SLPC) : 0.0627
190 15:17:24.605 [root] [INFO] :   29 (             PAPC-OH) : 0.0380
190 15:17:24.605 [root] [INFO] :   30 (               PDHPC) : 0.1030
190 15:17:24.605 [root] [INFO] :   31 (               PECPC) : 0.0101
190 15:17:24.605 [root] [INFO] :   32 (                SAPC) : 0.0552
190 15:17:24.605 [root] [INFO] :   33 (             isoPGJ2) : 0.0182
190 15:17:24.605 [root] [INFO] :   34 (            PAPC-OOH) : 0.0115
190 15:17:24.605 [root] [INFO] :   35 (               PEIPC) : 0.0063
190 15:17:24.605 [root] [INFO] :   36 (          isoPGF-PPC) : 0.0066
190 15:17:28.667 [root] [INFO] : done
