190 14:33:49.000 [root] [INFO] : norm: '', problem: 'LS SC'
190 14:33:50.264 [root] [INFO] : y_slice: slice(623, 641, None), x_slice: slice(448, 654, None)
190 14:33:50.451 [root] [INFO] : merged.data.shape=(216, 37)
190 14:33:50.451 [root] [INFO] : merged.target.shape=(216,)
190 14:33:51.500 [root] [INFO] : y_slice: slice(596, 617, None), x_slice: slice(501, 679, None)
190 14:33:51.669 [root] [INFO] : merged.data.shape=(213, 37)
190 14:33:51.669 [root] [INFO] : merged.target.shape=(213,)
190 14:33:52.552 [root] [INFO] : y_slice: slice(603, 611, None), x_slice: slice(706, 752, None)
190 14:33:52.581 [root] [INFO] : merged.data.shape=(48, 37)
190 14:33:52.581 [root] [INFO] : merged.target.shape=(48,)
190 14:33:52.582 [root] [INFO] : ds_x.shape=(477, 37)
190 14:33:52.582 [root] [INFO] : checking for class imbalance:
190 14:33:52.582 [root] [INFO] : occurrence_per_class: {'LS': 304, 'SC': 173}
190 14:33:52.582 [root] [INFO] : max rel. occurrence = 0.6373
190 14:33:52.582 [root] [INFO] : min rel. occurrence = 0.3627
190 14:33:52.582 [root] [INFO] : . . .  1 / #classes = 0.5000
190 14:33:52.582 [root] [INFO] : terms: ['LS', 'SC']
190 14:33:52.582 [root] [INFO] : starting assessment procedure
190 14:35:54.143 [root] [INFO] : duration: 121.5602159500122
190 14:35:54.143 [root] [INFO] : scores: [0.78125    0.78125    0.77894737 0.76842105 0.76842105] (0.7756578947368421 pm 0.006672849597072657)
190 14:35:54.143 [root] [INFO] : starting selection procedure
190 14:36:21.853 [root] [INFO] : duration: 27.71040391921997
190 14:36:21.854 [root] [INFO] : model: <class 'sklearn.ensemble._forest.RandomForestClassifier'>, parameters: {'max_depth': 20, 'max_features': None, 'n_estimators': 1000}
190 14:36:21.854 [root] [INFO] : training model
190 14:36:23.097 [root] [INFO] : feature importances:
190 14:36:23.175 [root] [INFO] :   00 (     X-X-x-farnesene) : 0.0085
190 14:36:23.175 [root] [INFO] :   01 (         hexadecanol) : 0.0060
190 14:36:23.175 [root] [INFO] :   02 (  hexcadecyl acetate) : 0.0040
190 14:36:23.175 [root] [INFO] :   03 (                  AA) : 0.0050
190 14:36:23.175 [root] [INFO] :   04 (            15d PGJ2) : 0.0000
190 14:36:23.175 [root] [INFO] :   05 (          12/15sHETE) : 0.0013
190 14:36:23.175 [root] [INFO] :   06 (                PGJ2) : 0.0010
190 14:36:23.175 [root] [INFO] :   07 (                LTB4) : 0.0022
190 14:36:23.175 [root] [INFO] :   08 (         PGD2 / PGE2) : 0.0005
190 14:36:23.175 [root] [INFO] :   09 (               PGF2a) : 0.0000
190 14:36:23.175 [root] [INFO] :   10 (   Neuroprotectin D1) : 0.0038
190 14:36:23.175 [root] [INFO] :   11 (                TXB2) : 0.0003
190 14:36:23.175 [root] [INFO] :   12 (         Resolvin D1) : 0.0005
190 14:36:23.175 [root] [INFO] :   13 (Sphingosine-1-pho...) : 0.0000
190 14:36:23.175 [root] [INFO] :   14 (             LysoPPC) : 0.0712
190 14:36:23.175 [root] [INFO] :   15 (LysoSPC/  PAF -O-...) : 0.0399
190 14:36:23.176 [root] [INFO] :   16 (       PC 20:3, Lyso) : 0.0101
190 14:36:23.176 [root] [INFO] :   17 ( PC 18:1 C1 Carbonyl) : 0.0151
190 14:36:23.176 [root] [INFO] :   18 (         PAF -O-18:0) : 0.0095
190 14:36:23.176 [root] [INFO] :   19 (               POVPC) : 0.0039
190 14:36:23.176 [root] [INFO] :   20 ( PC 22:6 C1 Carbonyl) : 0.0020
190 14:36:23.176 [root] [INFO] :   21 (                PGPC) : 0.0063
190 14:36:23.176 [root] [INFO] :   22 (               PONPC) : 0.0130
190 14:36:23.176 [root] [INFO] :   23 (PC 16:0 C9 Carbon...) : 0.0121
190 14:36:23.176 [root] [INFO] :   24 (               PAzPC) : 0.0651
190 14:36:23.176 [root] [INFO] :   25 (                DPPC) : 0.0844
190 14:36:23.176 [root] [INFO] :   26 (                PLPC) : 0.0920
190 14:36:23.176 [root] [INFO] :   27 (                PAPC) : 0.1103
190 14:36:23.176 [root] [INFO] :   28 (                SLPC) : 0.1103
190 14:36:23.176 [root] [INFO] :   29 (             PAPC-OH) : 0.0245
190 14:36:23.176 [root] [INFO] :   30 (               PDHPC) : 0.1946
190 14:36:23.176 [root] [INFO] :   31 (               PECPC) : 0.0080
190 14:36:23.176 [root] [INFO] :   32 (                SAPC) : 0.0672
190 14:36:23.176 [root] [INFO] :   33 (             isoPGJ2) : 0.0114
190 14:36:23.176 [root] [INFO] :   34 (            PAPC-OOH) : 0.0065
190 14:36:23.176 [root] [INFO] :   35 (               PEIPC) : 0.0028
190 14:36:23.176 [root] [INFO] :   36 (          isoPGF-PPC) : 0.0063
190 14:36:26.161 [root] [INFO] : done
