190 15:36:44.790 [root] [INFO] : norm: '_norm_tic', problem: 'LS SC'
190 15:36:46.175 [root] [INFO] : y_slice: slice(623, 641, None), x_slice: slice(448, 654, None)
190 15:36:46.315 [root] [INFO] : merged.data.shape=(216, 37)
190 15:36:46.315 [root] [INFO] : merged.target.shape=(216,)
190 15:36:47.487 [root] [INFO] : y_slice: slice(596, 617, None), x_slice: slice(501, 679, None)
190 15:36:47.620 [root] [INFO] : merged.data.shape=(213, 37)
190 15:36:47.620 [root] [INFO] : merged.target.shape=(213,)
190 15:36:48.693 [root] [INFO] : y_slice: slice(603, 611, None), x_slice: slice(706, 752, None)
190 15:36:48.722 [root] [INFO] : merged.data.shape=(48, 37)
190 15:36:48.722 [root] [INFO] : merged.target.shape=(48,)
190 15:36:48.723 [root] [INFO] : ds_x.shape=(477, 37)
190 15:36:48.723 [root] [INFO] : checking for class imbalance:
190 15:36:48.723 [root] [INFO] : occurrence_per_class: {'LS': 304, 'SC': 173}
190 15:36:48.723 [root] [INFO] : max rel. occurrence = 0.6373
190 15:36:48.723 [root] [INFO] : min rel. occurrence = 0.3627
190 15:36:48.723 [root] [INFO] : . . .  1 / #classes = 0.5000
190 15:36:48.723 [root] [INFO] : terms: ['LS', 'SC']
190 15:36:48.723 [root] [INFO] : starting assessment procedure
190 15:38:52.316 [root] [INFO] : duration: 123.5923523902893
190 15:38:52.316 [root] [INFO] : scores: [0.81012658 0.79310345 0.79710145 0.78813559 0.66315789] (0.7703249935573773 pm 0.06046074671815554)
190 15:38:52.316 [root] [INFO] : starting selection procedure
190 15:39:19.329 [root] [INFO] : duration: 27.01229453086853
190 15:39:19.329 [root] [INFO] : model: <class 'sklearn.ensemble._forest.ExtraTreesClassifier'>, parameters: {'max_depth': 20, 'max_features': 'sqrt', 'n_estimators': 1000}
190 15:39:19.329 [root] [INFO] : training model
190 15:39:20.126 [root] [INFO] : feature importances:
190 15:39:20.219 [root] [INFO] :   00 (     X-X-x-farnesene) : 0.0182
190 15:39:20.219 [root] [INFO] :   01 (         hexadecanol) : 0.0124
190 15:39:20.219 [root] [INFO] :   02 (  hexcadecyl acetate) : 0.0086
190 15:39:20.219 [root] [INFO] :   03 (                  AA) : 0.0070
190 15:39:20.219 [root] [INFO] :   04 (            15d PGJ2) : 0.0000
190 15:39:20.219 [root] [INFO] :   05 (          12/15sHETE) : 0.0066
190 15:39:20.219 [root] [INFO] :   06 (                PGJ2) : 0.0037
190 15:39:20.219 [root] [INFO] :   07 (                LTB4) : 0.0061
190 15:39:20.219 [root] [INFO] :   08 (         PGD2 / PGE2) : 0.0032
190 15:39:20.219 [root] [INFO] :   09 (               PGF2a) : 0.0000
190 15:39:20.219 [root] [INFO] :   10 (   Neuroprotectin D1) : 0.0076
190 15:39:20.220 [root] [INFO] :   11 (                TXB2) : 0.0018
190 15:39:20.220 [root] [INFO] :   12 (         Resolvin D1) : 0.0053
190 15:39:20.220 [root] [INFO] :   13 (Sphingosine-1-pho...) : 0.0000
190 15:39:20.220 [root] [INFO] :   14 (             LysoPPC) : 0.0558
190 15:39:20.220 [root] [INFO] :   15 (LysoSPC/  PAF -O-...) : 0.0445
190 15:39:20.220 [root] [INFO] :   16 (       PC 20:3, Lyso) : 0.0219
190 15:39:20.220 [root] [INFO] :   17 ( PC 18:1 C1 Carbonyl) : 0.0243
190 15:39:20.220 [root] [INFO] :   18 (         PAF -O-18:0) : 0.0138
190 15:39:20.220 [root] [INFO] :   19 (               POVPC) : 0.0066
190 15:39:20.220 [root] [INFO] :   20 ( PC 22:6 C1 Carbonyl) : 0.0064
190 15:39:20.220 [root] [INFO] :   21 (                PGPC) : 0.0123
190 15:39:20.220 [root] [INFO] :   22 (               PONPC) : 0.0253
190 15:39:20.220 [root] [INFO] :   23 (PC 16:0 C9 Carbon...) : 0.0233
190 15:39:20.220 [root] [INFO] :   24 (               PAzPC) : 0.0561
190 15:39:20.220 [root] [INFO] :   25 (                DPPC) : 0.1080
190 15:39:20.220 [root] [INFO] :   26 (                PLPC) : 0.0936
190 15:39:20.220 [root] [INFO] :   27 (                PAPC) : 0.1126
190 15:39:20.220 [root] [INFO] :   28 (                SLPC) : 0.0668
190 15:39:20.220 [root] [INFO] :   29 (             PAPC-OH) : 0.0348
190 15:39:20.220 [root] [INFO] :   30 (               PDHPC) : 0.1032
190 15:39:20.220 [root] [INFO] :   31 (               PECPC) : 0.0099
190 15:39:20.220 [root] [INFO] :   32 (                SAPC) : 0.0554
190 15:39:20.220 [root] [INFO] :   33 (             isoPGJ2) : 0.0195
190 15:39:20.220 [root] [INFO] :   34 (            PAPC-OOH) : 0.0119
190 15:39:20.221 [root] [INFO] :   35 (               PEIPC) : 0.0061
190 15:39:20.221 [root] [INFO] :   36 (          isoPGF-PPC) : 0.0075
190 15:39:23.338 [root] [INFO] : done
