190 15:20:05.654 [root] [INFO] : norm: '_norm_max', problem: 'LS_n LS_p'
190 15:20:06.853 [root] [INFO] : y_slice: slice(623, 638, None), x_slice: slice(476, 653, None)
190 15:20:06.959 [root] [INFO] : merged.data.shape=(114, 37)
190 15:20:06.959 [root] [INFO] : merged.target.shape=(114,)
190 15:20:07.925 [root] [INFO] : y_slice: slice(596, 617, None), x_slice: slice(501, 679, None)
190 15:20:08.030 [root] [INFO] : merged.data.shape=(163, 37)
190 15:20:08.030 [root] [INFO] : merged.target.shape=(163,)
190 15:20:08.852 [root] [INFO] : y_slice: slice(603, 608, None), x_slice: slice(711, 752, None)
190 15:20:08.874 [root] [INFO] : merged.data.shape=(27, 37)
190 15:20:08.874 [root] [INFO] : merged.target.shape=(27,)
190 15:20:08.874 [root] [INFO] : ds_x.shape=(304, 37)
190 15:20:08.874 [root] [INFO] : checking for class imbalance:
190 15:20:08.874 [root] [INFO] : occurrence_per_class: {'LS_n': 164, 'LS_p': 140}
190 15:20:08.874 [root] [INFO] : max rel. occurrence = 0.5395
190 15:20:08.875 [root] [INFO] : min rel. occurrence = 0.4605
190 15:20:08.875 [root] [INFO] : . . .  1 / #classes = 0.5000
190 15:20:08.875 [root] [INFO] : terms: ['LS_n', 'LS_p']
190 15:20:08.875 [root] [INFO] : starting assessment procedure
190 15:21:57.987 [root] [INFO] : duration: 109.11169052124023
190 15:21:57.987 [root] [INFO] : scores: [0.53333333 0.14814815 0.33928571 0.40298507 0.18181818] (0.32111409044244865 pm 0.1592094849332334)
190 15:21:57.987 [root] [INFO] : starting selection procedure
190 15:22:22.410 [root] [INFO] : duration: 24.423169136047363
190 15:22:22.411 [root] [INFO] : model: <class 'sklearn.tree._classes.DecisionTreeClassifier'>, parameters: {'max_depth': 20}
190 15:22:22.411 [root] [INFO] : training model
190 15:22:22.414 [root] [INFO] : feature importances:
190 15:22:22.414 [root] [INFO] :   00 (     X-X-x-farnesene) : 0.0232
190 15:22:22.414 [root] [INFO] :   01 (         hexadecanol) : 0.0000
190 15:22:22.414 [root] [INFO] :   02 (  hexcadecyl acetate) : 0.0000
190 15:22:22.414 [root] [INFO] :   03 (                  AA) : 0.0000
190 15:22:22.414 [root] [INFO] :   04 (            15d PGJ2) : 0.0000
190 15:22:22.414 [root] [INFO] :   05 (          12/15sHETE) : 0.0139
190 15:22:22.414 [root] [INFO] :   06 (                PGJ2) : 0.0000
190 15:22:22.414 [root] [INFO] :   07 (                LTB4) : 0.0000
190 15:22:22.414 [root] [INFO] :   08 (         PGD2 / PGE2) : 0.0000
190 15:22:22.414 [root] [INFO] :   09 (               PGF2a) : 0.0000
190 15:22:22.414 [root] [INFO] :   10 (   Neuroprotectin D1) : 0.0198
190 15:22:22.414 [root] [INFO] :   11 (                TXB2) : 0.0106
190 15:22:22.414 [root] [INFO] :   12 (         Resolvin D1) : 0.0000
190 15:22:22.414 [root] [INFO] :   13 (Sphingosine-1-pho...) : 0.0000
190 15:22:22.414 [root] [INFO] :   14 (             LysoPPC) : 0.0796
190 15:22:22.414 [root] [INFO] :   15 (LysoSPC/  PAF -O-...) : 0.0690
190 15:22:22.415 [root] [INFO] :   16 (       PC 20:3, Lyso) : 0.0000
190 15:22:22.415 [root] [INFO] :   17 ( PC 18:1 C1 Carbonyl) : 0.0000
190 15:22:22.415 [root] [INFO] :   18 (         PAF -O-18:0) : 0.0000
190 15:22:22.415 [root] [INFO] :   19 (               POVPC) : 0.0285
190 15:22:22.415 [root] [INFO] :   20 ( PC 22:6 C1 Carbonyl) : 0.0000
190 15:22:22.415 [root] [INFO] :   21 (                PGPC) : 0.0000
190 15:22:22.415 [root] [INFO] :   22 (               PONPC) : 0.0000
190 15:22:22.415 [root] [INFO] :   23 (PC 16:0 C9 Carbon...) : 0.0821
190 15:22:22.415 [root] [INFO] :   24 (               PAzPC) : 0.0908
190 15:22:22.415 [root] [INFO] :   25 (                DPPC) : 0.1185
190 15:22:22.415 [root] [INFO] :   26 (                PLPC) : 0.0733
190 15:22:22.415 [root] [INFO] :   27 (                PAPC) : 0.0513
190 15:22:22.415 [root] [INFO] :   28 (                SLPC) : 0.0671
190 15:22:22.415 [root] [INFO] :   29 (             PAPC-OH) : 0.0651
190 15:22:22.415 [root] [INFO] :   30 (               PDHPC) : 0.0947
190 15:22:22.415 [root] [INFO] :   31 (               PECPC) : 0.0112
190 15:22:22.415 [root] [INFO] :   32 (                SAPC) : 0.0538
190 15:22:22.415 [root] [INFO] :   33 (             isoPGJ2) : 0.0106
190 15:22:22.415 [root] [INFO] :   34 (            PAPC-OOH) : 0.0078
190 15:22:22.415 [root] [INFO] :   35 (               PEIPC) : 0.0000
190 15:22:22.415 [root] [INFO] :   36 (          isoPGF-PPC) : 0.0290
190 15:22:24.754 [root] [INFO] : done
