190 15:30:41.477 [root] [INFO] : norm: '_norm_max', problem: 'LS_n SC_n'
190 15:30:42.635 [root] [INFO] : y_slice: slice(623, 640, None), x_slice: slice(448, 654, None)
190 15:30:42.751 [root] [INFO] : merged.data.shape=(98, 37)
190 15:30:42.751 [root] [INFO] : merged.target.shape=(98,)
190 15:30:43.661 [root] [INFO] : y_slice: slice(598, 617, None), x_slice: slice(506, 679, None)
190 15:30:43.755 [root] [INFO] : merged.data.shape=(110, 37)
190 15:30:43.755 [root] [INFO] : merged.target.shape=(110,)
190 15:30:44.534 [root] [INFO] : y_slice: slice(603, 610, None), x_slice: slice(711, 750, None)
190 15:30:44.554 [root] [INFO] : merged.data.shape=(23, 37)
190 15:30:44.555 [root] [INFO] : merged.target.shape=(23,)
190 15:30:44.555 [root] [INFO] : ds_x.shape=(231, 37)
190 15:30:44.555 [root] [INFO] : checking for class imbalance:
190 15:30:44.555 [root] [INFO] : occurrence_per_class: {'LS_n': 164, 'SC_n': 67}
190 15:30:44.555 [root] [INFO] : max rel. occurrence = 0.7100
190 15:30:44.555 [root] [INFO] : min rel. occurrence = 0.2900
190 15:30:44.555 [root] [INFO] : . . .  1 / #classes = 0.5000
190 15:30:44.556 [root] [INFO] : terms: ['LS_n', 'SC_n']
190 15:30:44.556 [root] [INFO] : starting assessment procedure
190 15:32:18.498 [root] [INFO] : duration: 93.94237160682678
190 15:32:18.498 [root] [INFO] : scores: [0.87234043 0.65217391 0.7826087  0.80434783 0.86956522] (0.7962072155411656 pm 0.08968618010953573)
190 15:32:18.499 [root] [INFO] : starting selection procedure
190 15:32:37.553 [root] [INFO] : duration: 19.054529666900635
190 15:32:37.553 [root] [INFO] : model: <class 'sklearn.ensemble._forest.ExtraTreesClassifier'>, parameters: {'max_depth': None, 'max_features': 'sqrt', 'n_estimators': 200}
190 15:32:37.553 [root] [INFO] : training model
190 15:32:37.717 [root] [INFO] : feature importances:
190 15:32:37.736 [root] [INFO] :   00 (     X-X-x-farnesene) : 0.0131
190 15:32:37.736 [root] [INFO] :   01 (         hexadecanol) : 0.0136
190 15:32:37.736 [root] [INFO] :   02 (  hexcadecyl acetate) : 0.0164
190 15:32:37.736 [root] [INFO] :   03 (                  AA) : 0.0047
190 15:32:37.736 [root] [INFO] :   04 (            15d PGJ2) : 0.0000
190 15:32:37.737 [root] [INFO] :   05 (          12/15sHETE) : 0.0063
190 15:32:37.737 [root] [INFO] :   06 (                PGJ2) : 0.0023
190 15:32:37.737 [root] [INFO] :   07 (                LTB4) : 0.0058
190 15:32:37.737 [root] [INFO] :   08 (         PGD2 / PGE2) : 0.0021
190 15:32:37.737 [root] [INFO] :   09 (               PGF2a) : 0.0000
190 15:32:37.737 [root] [INFO] :   10 (   Neuroprotectin D1) : 0.0053
190 15:32:37.737 [root] [INFO] :   11 (                TXB2) : 0.0021
190 15:32:37.737 [root] [INFO] :   12 (         Resolvin D1) : 0.0001
190 15:32:37.737 [root] [INFO] :   13 (Sphingosine-1-pho...) : 0.0000
190 15:32:37.737 [root] [INFO] :   14 (             LysoPPC) : 0.0592
190 15:32:37.737 [root] [INFO] :   15 (LysoSPC/  PAF -O-...) : 0.0649
190 15:32:37.737 [root] [INFO] :   16 (       PC 20:3, Lyso) : 0.0299
190 15:32:37.737 [root] [INFO] :   17 ( PC 18:1 C1 Carbonyl) : 0.0210
190 15:32:37.737 [root] [INFO] :   18 (         PAF -O-18:0) : 0.0159
190 15:32:37.737 [root] [INFO] :   19 (               POVPC) : 0.0090
190 15:32:37.737 [root] [INFO] :   20 ( PC 22:6 C1 Carbonyl) : 0.0061
190 15:32:37.737 [root] [INFO] :   21 (                PGPC) : 0.0063
190 15:32:37.737 [root] [INFO] :   22 (               PONPC) : 0.0229
190 15:32:37.737 [root] [INFO] :   23 (PC 16:0 C9 Carbon...) : 0.0267
190 15:32:37.737 [root] [INFO] :   24 (               PAzPC) : 0.0657
190 15:32:37.737 [root] [INFO] :   25 (                DPPC) : 0.1048
190 15:32:37.737 [root] [INFO] :   26 (                PLPC) : 0.1051
190 15:32:37.737 [root] [INFO] :   27 (                PAPC) : 0.0960
190 15:32:37.737 [root] [INFO] :   28 (                SLPC) : 0.0642
190 15:32:37.737 [root] [INFO] :   29 (             PAPC-OH) : 0.0301
190 15:32:37.738 [root] [INFO] :   30 (               PDHPC) : 0.0890
190 15:32:37.738 [root] [INFO] :   31 (               PECPC) : 0.0136
190 15:32:37.738 [root] [INFO] :   32 (                SAPC) : 0.0595
190 15:32:37.738 [root] [INFO] :   33 (             isoPGJ2) : 0.0127
190 15:32:37.738 [root] [INFO] :   34 (            PAPC-OOH) : 0.0136
190 15:32:37.738 [root] [INFO] :   35 (               PEIPC) : 0.0065
190 15:32:37.738 [root] [INFO] :   36 (          isoPGF-PPC) : 0.0052
190 15:32:40.250 [root] [INFO] : done
