190 15:28:40.255 [root] [INFO] : norm: '_norm_max', problem: 'LS_n SC_n'
190 15:28:41.478 [root] [INFO] : y_slice: slice(623, 640, None), x_slice: slice(448, 654, None)
190 15:28:41.594 [root] [INFO] : merged.data.shape=(98, 37)
190 15:28:41.595 [root] [INFO] : merged.target.shape=(98,)
190 15:28:42.490 [root] [INFO] : y_slice: slice(598, 617, None), x_slice: slice(506, 679, None)
190 15:28:42.585 [root] [INFO] : merged.data.shape=(110, 37)
190 15:28:42.585 [root] [INFO] : merged.target.shape=(110,)
190 15:28:43.380 [root] [INFO] : y_slice: slice(603, 610, None), x_slice: slice(711, 750, None)
190 15:28:43.402 [root] [INFO] : merged.data.shape=(23, 37)
190 15:28:43.402 [root] [INFO] : merged.target.shape=(23,)
190 15:28:43.402 [root] [INFO] : ds_x.shape=(231, 37)
190 15:28:43.403 [root] [INFO] : checking for class imbalance:
190 15:28:43.403 [root] [INFO] : occurrence_per_class: {'LS_n': 164, 'SC_n': 67}
190 15:28:43.403 [root] [INFO] : max rel. occurrence = 0.7100
190 15:28:43.403 [root] [INFO] : min rel. occurrence = 0.2900
190 15:28:43.403 [root] [INFO] : . . .  1 / #classes = 0.5000
190 15:28:43.403 [root] [INFO] : terms: ['LS_n', 'SC_n']
190 15:28:43.403 [root] [INFO] : starting assessment procedure
190 15:30:19.976 [root] [INFO] : duration: 96.57323479652405
190 15:30:19.976 [root] [INFO] : scores: [0.77941176 0.55555556 0.77142857 0.8372093  0.71428571] (0.7315781816602611 pm 0.10760696215089523)
190 15:30:19.977 [root] [INFO] : starting selection procedure
190 15:30:38.729 [root] [INFO] : duration: 18.751983165740967
190 15:30:38.729 [root] [INFO] : model: <class 'sklearn.ensemble._forest.RandomForestClassifier'>, parameters: {'max_depth': None, 'max_features': 'sqrt', 'n_estimators': 200}
190 15:30:38.729 [root] [INFO] : training model
190 15:30:38.950 [root] [INFO] : feature importances:
190 15:30:38.966 [root] [INFO] :   00 (     X-X-x-farnesene) : 0.0062
190 15:30:38.966 [root] [INFO] :   01 (         hexadecanol) : 0.0087
190 15:30:38.966 [root] [INFO] :   02 (  hexcadecyl acetate) : 0.0129
190 15:30:38.966 [root] [INFO] :   03 (                  AA) : 0.0056
190 15:30:38.966 [root] [INFO] :   04 (            15d PGJ2) : 0.0000
190 15:30:38.966 [root] [INFO] :   05 (          12/15sHETE) : 0.0018
190 15:30:38.966 [root] [INFO] :   06 (                PGJ2) : 0.0007
190 15:30:38.966 [root] [INFO] :   07 (                LTB4) : 0.0035
190 15:30:38.966 [root] [INFO] :   08 (         PGD2 / PGE2) : 0.0008
190 15:30:38.966 [root] [INFO] :   09 (               PGF2a) : 0.0000
190 15:30:38.966 [root] [INFO] :   10 (   Neuroprotectin D1) : 0.0029
190 15:30:38.966 [root] [INFO] :   11 (                TXB2) : 0.0007
190 15:30:38.966 [root] [INFO] :   12 (         Resolvin D1) : 0.0000
190 15:30:38.966 [root] [INFO] :   13 (Sphingosine-1-pho...) : 0.0000
190 15:30:38.966 [root] [INFO] :   14 (             LysoPPC) : 0.0704
190 15:30:38.966 [root] [INFO] :   15 (LysoSPC/  PAF -O-...) : 0.0673
190 15:30:38.966 [root] [INFO] :   16 (       PC 20:3, Lyso) : 0.0167
190 15:30:38.966 [root] [INFO] :   17 ( PC 18:1 C1 Carbonyl) : 0.0126
190 15:30:38.967 [root] [INFO] :   18 (         PAF -O-18:0) : 0.0086
190 15:30:38.967 [root] [INFO] :   19 (               POVPC) : 0.0033
190 15:30:38.967 [root] [INFO] :   20 ( PC 22:6 C1 Carbonyl) : 0.0021
190 15:30:38.967 [root] [INFO] :   21 (                PGPC) : 0.0044
190 15:30:38.967 [root] [INFO] :   22 (               PONPC) : 0.0186
190 15:30:38.967 [root] [INFO] :   23 (PC 16:0 C9 Carbon...) : 0.0156
190 15:30:38.967 [root] [INFO] :   24 (               PAzPC) : 0.0830
190 15:30:38.967 [root] [INFO] :   25 (                DPPC) : 0.1143
190 15:30:38.967 [root] [INFO] :   26 (                PLPC) : 0.1177
190 15:30:38.967 [root] [INFO] :   27 (                PAPC) : 0.1077
190 15:30:38.967 [root] [INFO] :   28 (                SLPC) : 0.0882
190 15:30:38.967 [root] [INFO] :   29 (             PAPC-OH) : 0.0207
190 15:30:38.967 [root] [INFO] :   30 (               PDHPC) : 0.1048
190 15:30:38.967 [root] [INFO] :   31 (               PECPC) : 0.0065
190 15:30:38.967 [root] [INFO] :   32 (                SAPC) : 0.0747
190 15:30:38.967 [root] [INFO] :   33 (             isoPGJ2) : 0.0052
190 15:30:38.967 [root] [INFO] :   34 (            PAPC-OOH) : 0.0077
190 15:30:38.967 [root] [INFO] :   35 (               PEIPC) : 0.0026
190 15:30:38.967 [root] [INFO] :   36 (          isoPGF-PPC) : 0.0037
190 15:30:41.476 [root] [INFO] : done
