190 14:58:12.119 [root] [INFO] : norm: '_norm_2305', problem: 'LS_n LS_p'
190 14:58:13.264 [root] [INFO] : y_slice: slice(623, 638, None), x_slice: slice(476, 653, None)
190 14:58:13.369 [root] [INFO] : merged.data.shape=(114, 37)
190 14:58:13.369 [root] [INFO] : merged.target.shape=(114,)
190 14:58:14.309 [root] [INFO] : y_slice: slice(596, 617, None), x_slice: slice(501, 679, None)
190 14:58:14.418 [root] [INFO] : merged.data.shape=(163, 37)
190 14:58:14.418 [root] [INFO] : merged.target.shape=(163,)
190 14:58:15.244 [root] [INFO] : y_slice: slice(603, 608, None), x_slice: slice(711, 752, None)
190 14:58:15.266 [root] [INFO] : merged.data.shape=(27, 37)
190 14:58:15.266 [root] [INFO] : merged.target.shape=(27,)
190 14:58:15.266 [root] [INFO] : ds_x.shape=(304, 37)
190 14:58:15.267 [root] [INFO] : checking for class imbalance:
190 14:58:15.267 [root] [INFO] : occurrence_per_class: {'LS_n': 164, 'LS_p': 140}
190 14:58:15.267 [root] [INFO] : max rel. occurrence = 0.5395
190 14:58:15.267 [root] [INFO] : min rel. occurrence = 0.4605
190 14:58:15.267 [root] [INFO] : . . .  1 / #classes = 0.5000
190 14:58:15.267 [root] [INFO] : terms: ['LS_n', 'LS_p']
190 14:58:15.267 [root] [INFO] : starting assessment procedure
190 15:00:07.635 [root] [INFO] : duration: 112.36798620223999
190 15:00:07.635 [root] [INFO] : scores: [0.35555556 0.24691358 0.51785714 0.3880597  0.12727273] (0.32713174148497537 pm 0.14771161701088684)
190 15:00:07.636 [root] [INFO] : starting selection procedure
190 15:00:31.621 [root] [INFO] : duration: 23.98512578010559
190 15:00:31.621 [root] [INFO] : model: <class 'sklearn.tree._classes.DecisionTreeClassifier'>, parameters: {'max_depth': 20}
190 15:00:31.621 [root] [INFO] : training model
190 15:00:31.624 [root] [INFO] : feature importances:
190 15:00:31.624 [root] [INFO] :   00 (     X-X-x-farnesene) : 0.0000
190 15:00:31.624 [root] [INFO] :   01 (         hexadecanol) : 0.0115
190 15:00:31.624 [root] [INFO] :   02 (  hexcadecyl acetate) : 0.0000
190 15:00:31.624 [root] [INFO] :   03 (                  AA) : 0.0110
190 15:00:31.624 [root] [INFO] :   04 (            15d PGJ2) : 0.0000
190 15:00:31.624 [root] [INFO] :   05 (          12/15sHETE) : 0.0220
190 15:00:31.624 [root] [INFO] :   06 (                PGJ2) : 0.0000
190 15:00:31.624 [root] [INFO] :   07 (                LTB4) : 0.0120
190 15:00:31.624 [root] [INFO] :   08 (         PGD2 / PGE2) : 0.0000
190 15:00:31.624 [root] [INFO] :   09 (               PGF2a) : 0.0000
190 15:00:31.624 [root] [INFO] :   10 (   Neuroprotectin D1) : 0.0210
190 15:00:31.624 [root] [INFO] :   11 (                TXB2) : 0.0000
190 15:00:31.624 [root] [INFO] :   12 (         Resolvin D1) : 0.0000
190 15:00:31.624 [root] [INFO] :   13 (Sphingosine-1-pho...) : 0.0000
190 15:00:31.624 [root] [INFO] :   14 (             LysoPPC) : 0.0898
190 15:00:31.624 [root] [INFO] :   15 (LysoSPC/  PAF -O-...) : 0.0302
190 15:00:31.625 [root] [INFO] :   16 (       PC 20:3, Lyso) : 0.0315
190 15:00:31.625 [root] [INFO] :   17 ( PC 18:1 C1 Carbonyl) : 0.0000
190 15:00:31.625 [root] [INFO] :   18 (         PAF -O-18:0) : 0.0000
190 15:00:31.625 [root] [INFO] :   19 (               POVPC) : 0.0306
190 15:00:31.625 [root] [INFO] :   20 ( PC 22:6 C1 Carbonyl) : 0.0000
190 15:00:31.625 [root] [INFO] :   21 (                PGPC) : 0.0000
190 15:00:31.625 [root] [INFO] :   22 (               PONPC) : 0.0071
190 15:00:31.625 [root] [INFO] :   23 (PC 16:0 C9 Carbon...) : 0.0150
190 15:00:31.625 [root] [INFO] :   24 (               PAzPC) : 0.0564
190 15:00:31.625 [root] [INFO] :   25 (                DPPC) : 0.1467
190 15:00:31.625 [root] [INFO] :   26 (                PLPC) : 0.0425
190 15:00:31.625 [root] [INFO] :   27 (                PAPC) : 0.0536
190 15:00:31.625 [root] [INFO] :   28 (                SLPC) : 0.1031
190 15:00:31.625 [root] [INFO] :   29 (             PAPC-OH) : 0.0222
190 15:00:31.625 [root] [INFO] :   30 (               PDHPC) : 0.1212
190 15:00:31.625 [root] [INFO] :   31 (               PECPC) : 0.0255
190 15:00:31.625 [root] [INFO] :   32 (                SAPC) : 0.1353
190 15:00:31.625 [root] [INFO] :   33 (             isoPGJ2) : 0.0118
190 15:00:31.625 [root] [INFO] :   34 (            PAPC-OOH) : 0.0000
190 15:00:31.625 [root] [INFO] :   35 (               PEIPC) : 0.0000
190 15:00:31.625 [root] [INFO] :   36 (          isoPGF-PPC) : 0.0000
190 15:00:33.993 [root] [INFO] : done
