190 14:46:56.257 [root] [INFO] : norm: '', problem: 'LS_n SC_n'
190 14:46:57.423 [root] [INFO] : y_slice: slice(623, 640, None), x_slice: slice(448, 654, None)
190 14:46:57.537 [root] [INFO] : merged.data.shape=(98, 37)
190 14:46:57.538 [root] [INFO] : merged.target.shape=(98,)
190 14:46:58.472 [root] [INFO] : y_slice: slice(598, 617, None), x_slice: slice(506, 679, None)
190 14:46:58.567 [root] [INFO] : merged.data.shape=(110, 37)
190 14:46:58.567 [root] [INFO] : merged.target.shape=(110,)
190 14:46:59.322 [root] [INFO] : y_slice: slice(603, 610, None), x_slice: slice(711, 750, None)
190 14:46:59.344 [root] [INFO] : merged.data.shape=(23, 37)
190 14:46:59.344 [root] [INFO] : merged.target.shape=(23,)
190 14:46:59.344 [root] [INFO] : ds_x.shape=(231, 37)
190 14:46:59.344 [root] [INFO] : checking for class imbalance:
190 14:46:59.344 [root] [INFO] : occurrence_per_class: {'LS_n': 164, 'SC_n': 67}
190 14:46:59.344 [root] [INFO] : max rel. occurrence = 0.7100
190 14:46:59.345 [root] [INFO] : min rel. occurrence = 0.2900
190 14:46:59.345 [root] [INFO] : . . .  1 / #classes = 0.5000
190 14:46:59.345 [root] [INFO] : terms: ['LS_n', 'SC_n']
190 14:46:59.345 [root] [INFO] : starting assessment procedure
190 14:48:34.530 [root] [INFO] : duration: 95.18556809425354
190 14:48:34.531 [root] [INFO] : scores: [0.87234043 0.67391304 0.7826087  0.76086957 0.80434783] (0.7788159111933395 pm 0.0720065650879977)
190 14:48:34.531 [root] [INFO] : starting selection procedure
190 14:48:54.011 [root] [INFO] : duration: 19.479591846466064
190 14:48:54.011 [root] [INFO] : model: <class 'sklearn.ensemble._forest.ExtraTreesClassifier'>, parameters: {'max_depth': None, 'max_features': 'sqrt', 'n_estimators': 200}
190 14:48:54.011 [root] [INFO] : training model
190 14:48:54.173 [root] [INFO] : feature importances:
190 14:48:54.192 [root] [INFO] :   00 (     X-X-x-farnesene) : 0.0136
190 14:48:54.192 [root] [INFO] :   01 (         hexadecanol) : 0.0143
190 14:48:54.192 [root] [INFO] :   02 (  hexcadecyl acetate) : 0.0132
190 14:48:54.192 [root] [INFO] :   03 (                  AA) : 0.0058
190 14:48:54.192 [root] [INFO] :   04 (            15d PGJ2) : 0.0000
190 14:48:54.192 [root] [INFO] :   05 (          12/15sHETE) : 0.0054
190 14:48:54.192 [root] [INFO] :   06 (                PGJ2) : 0.0032
190 14:48:54.192 [root] [INFO] :   07 (                LTB4) : 0.0081
190 14:48:54.192 [root] [INFO] :   08 (         PGD2 / PGE2) : 0.0018
190 14:48:54.192 [root] [INFO] :   09 (               PGF2a) : 0.0000
190 14:48:54.192 [root] [INFO] :   10 (   Neuroprotectin D1) : 0.0037
190 14:48:54.193 [root] [INFO] :   11 (                TXB2) : 0.0031
190 14:48:54.193 [root] [INFO] :   12 (         Resolvin D1) : 0.0002
190 14:48:54.193 [root] [INFO] :   13 (Sphingosine-1-pho...) : 0.0000
190 14:48:54.193 [root] [INFO] :   14 (             LysoPPC) : 0.0634
190 14:48:54.193 [root] [INFO] :   15 (LysoSPC/  PAF -O-...) : 0.0603
190 14:48:54.193 [root] [INFO] :   16 (       PC 20:3, Lyso) : 0.0296
190 14:48:54.193 [root] [INFO] :   17 ( PC 18:1 C1 Carbonyl) : 0.0238
190 14:48:54.193 [root] [INFO] :   18 (         PAF -O-18:0) : 0.0137
190 14:48:54.193 [root] [INFO] :   19 (               POVPC) : 0.0110
190 14:48:54.193 [root] [INFO] :   20 ( PC 22:6 C1 Carbonyl) : 0.0063
190 14:48:54.193 [root] [INFO] :   21 (                PGPC) : 0.0071
190 14:48:54.193 [root] [INFO] :   22 (               PONPC) : 0.0243
190 14:48:54.193 [root] [INFO] :   23 (PC 16:0 C9 Carbon...) : 0.0275
190 14:48:54.193 [root] [INFO] :   24 (               PAzPC) : 0.0711
190 14:48:54.193 [root] [INFO] :   25 (                DPPC) : 0.0951
190 14:48:54.193 [root] [INFO] :   26 (                PLPC) : 0.0838
190 14:48:54.193 [root] [INFO] :   27 (                PAPC) : 0.1009
190 14:48:54.193 [root] [INFO] :   28 (                SLPC) : 0.0664
190 14:48:54.193 [root] [INFO] :   29 (             PAPC-OH) : 0.0297
190 14:48:54.193 [root] [INFO] :   30 (               PDHPC) : 0.0981
190 14:48:54.193 [root] [INFO] :   31 (               PECPC) : 0.0161
190 14:48:54.193 [root] [INFO] :   32 (                SAPC) : 0.0616
190 14:48:54.193 [root] [INFO] :   33 (             isoPGJ2) : 0.0131
190 14:48:54.193 [root] [INFO] :   34 (            PAPC-OOH) : 0.0122
190 14:48:54.194 [root] [INFO] :   35 (               PEIPC) : 0.0057
190 14:48:54.194 [root] [INFO] :   36 (          isoPGF-PPC) : 0.0068
190 14:48:56.710 [root] [INFO] : done
