190 15:06:46.157 [root] [INFO] : norm: '_norm_2305', problem: 'LS_n SC_n'
190 15:06:47.816 [root] [INFO] : y_slice: slice(623, 640, None), x_slice: slice(448, 654, None)
190 15:06:47.935 [root] [INFO] : merged.data.shape=(98, 37)
190 15:06:47.935 [root] [INFO] : merged.target.shape=(98,)
190 15:06:49.306 [root] [INFO] : y_slice: slice(598, 617, None), x_slice: slice(506, 679, None)
190 15:06:49.400 [root] [INFO] : merged.data.shape=(110, 37)
190 15:06:49.400 [root] [INFO] : merged.target.shape=(110,)
190 15:06:50.324 [root] [INFO] : y_slice: slice(603, 610, None), x_slice: slice(711, 750, None)
190 15:06:50.344 [root] [INFO] : merged.data.shape=(23, 37)
190 15:06:50.345 [root] [INFO] : merged.target.shape=(23,)
190 15:06:50.345 [root] [INFO] : ds_x.shape=(231, 37)
190 15:06:50.345 [root] [INFO] : checking for class imbalance:
190 15:06:50.345 [root] [INFO] : occurrence_per_class: {'LS_n': 164, 'SC_n': 67}
190 15:06:50.345 [root] [INFO] : max rel. occurrence = 0.7100
190 15:06:50.345 [root] [INFO] : min rel. occurrence = 0.2900
190 15:06:50.345 [root] [INFO] : . . .  1 / #classes = 0.5000
190 15:06:50.345 [root] [INFO] : terms: ['LS_n', 'SC_n']
190 15:06:50.345 [root] [INFO] : starting assessment procedure
190 15:08:23.556 [root] [INFO] : duration: 93.21074604988098
190 15:08:23.557 [root] [INFO] : scores: [0.89705882 0.61111111 0.85714286 0.81395349 0.85714286] (0.807281827459666 pm 0.11353371151058927)
190 15:08:23.557 [root] [INFO] : starting selection procedure
190 15:08:44.107 [root] [INFO] : duration: 20.550140857696533
190 15:08:44.107 [root] [INFO] : model: <class 'sklearn.ensemble._forest.ExtraTreesClassifier'>, parameters: {'max_depth': 20, 'max_features': None, 'n_estimators': 1000}
190 15:08:44.107 [root] [INFO] : training model
190 15:08:44.880 [root] [INFO] : feature importances:
190 15:08:44.956 [root] [INFO] :   00 (     X-X-x-farnesene) : 0.0099
190 15:08:44.956 [root] [INFO] :   01 (         hexadecanol) : 0.0137
190 15:08:44.956 [root] [INFO] :   02 (  hexcadecyl acetate) : 0.0122
190 15:08:44.956 [root] [INFO] :   03 (                  AA) : 0.0013
190 15:08:44.956 [root] [INFO] :   04 (            15d PGJ2) : 0.0000
190 15:08:44.956 [root] [INFO] :   05 (          12/15sHETE) : 0.0016
190 15:08:44.956 [root] [INFO] :   06 (                PGJ2) : 0.0009
190 15:08:44.956 [root] [INFO] :   07 (                LTB4) : 0.0011
190 15:08:44.956 [root] [INFO] :   08 (         PGD2 / PGE2) : 0.0001
190 15:08:44.956 [root] [INFO] :   09 (               PGF2a) : 0.0000
190 15:08:44.956 [root] [INFO] :   10 (   Neuroprotectin D1) : 0.0012
190 15:08:44.956 [root] [INFO] :   11 (                TXB2) : 0.0008
190 15:08:44.956 [root] [INFO] :   12 (         Resolvin D1) : 0.0000
190 15:08:44.956 [root] [INFO] :   13 (Sphingosine-1-pho...) : 0.0000
190 15:08:44.956 [root] [INFO] :   14 (             LysoPPC) : 0.0815
190 15:08:44.956 [root] [INFO] :   15 (LysoSPC/  PAF -O-...) : 0.0897
190 15:08:44.956 [root] [INFO] :   16 (       PC 20:3, Lyso) : 0.0318
190 15:08:44.956 [root] [INFO] :   17 ( PC 18:1 C1 Carbonyl) : 0.0094
190 15:08:44.956 [root] [INFO] :   18 (         PAF -O-18:0) : 0.0124
190 15:08:44.956 [root] [INFO] :   19 (               POVPC) : 0.0009
190 15:08:44.956 [root] [INFO] :   20 ( PC 22:6 C1 Carbonyl) : 0.0013
190 15:08:44.957 [root] [INFO] :   21 (                PGPC) : 0.0093
190 15:08:44.957 [root] [INFO] :   22 (               PONPC) : 0.0170
190 15:08:44.957 [root] [INFO] :   23 (PC 16:0 C9 Carbon...) : 0.0124
190 15:08:44.957 [root] [INFO] :   24 (               PAzPC) : 0.0844
190 15:08:44.957 [root] [INFO] :   25 (                DPPC) : 0.0961
190 15:08:44.957 [root] [INFO] :   26 (                PLPC) : 0.1106
190 15:08:44.957 [root] [INFO] :   27 (                PAPC) : 0.0996
190 15:08:44.957 [root] [INFO] :   28 (                SLPC) : 0.0789
190 15:08:44.957 [root] [INFO] :   29 (             PAPC-OH) : 0.0215
190 15:08:44.957 [root] [INFO] :   30 (               PDHPC) : 0.1146
190 15:08:44.957 [root] [INFO] :   31 (               PECPC) : 0.0145
190 15:08:44.957 [root] [INFO] :   32 (                SAPC) : 0.0401
190 15:08:44.957 [root] [INFO] :   33 (             isoPGJ2) : 0.0031
190 15:08:44.957 [root] [INFO] :   34 (            PAPC-OOH) : 0.0141
190 15:08:44.957 [root] [INFO] :   35 (               PEIPC) : 0.0118
190 15:08:44.957 [root] [INFO] :   36 (          isoPGF-PPC) : 0.0020
190 15:08:47.878 [root] [INFO] : done
