190 15:50:30.176 [root] [INFO] : norm: '_norm_tic', problem: 'LS_n SC_n'
190 15:50:31.351 [root] [INFO] : y_slice: slice(623, 640, None), x_slice: slice(448, 654, None)
190 15:50:31.464 [root] [INFO] : merged.data.shape=(98, 37)
190 15:50:31.464 [root] [INFO] : merged.target.shape=(98,)
190 15:50:32.398 [root] [INFO] : y_slice: slice(598, 617, None), x_slice: slice(506, 679, None)
190 15:50:32.492 [root] [INFO] : merged.data.shape=(110, 37)
190 15:50:32.492 [root] [INFO] : merged.target.shape=(110,)
190 15:50:33.269 [root] [INFO] : y_slice: slice(603, 610, None), x_slice: slice(711, 750, None)
190 15:50:33.291 [root] [INFO] : merged.data.shape=(23, 37)
190 15:50:33.291 [root] [INFO] : merged.target.shape=(23,)
190 15:50:33.291 [root] [INFO] : ds_x.shape=(231, 37)
190 15:50:33.291 [root] [INFO] : checking for class imbalance:
190 15:50:33.292 [root] [INFO] : occurrence_per_class: {'LS_n': 164, 'SC_n': 67}
190 15:50:33.292 [root] [INFO] : max rel. occurrence = 0.7100
190 15:50:33.292 [root] [INFO] : min rel. occurrence = 0.2900
190 15:50:33.292 [root] [INFO] : . . .  1 / #classes = 0.5000
190 15:50:33.292 [root] [INFO] : terms: ['LS_n', 'SC_n']
190 15:50:33.292 [root] [INFO] : starting assessment procedure
190 15:52:05.781 [root] [INFO] : duration: 92.48899555206299
190 15:52:05.781 [root] [INFO] : scores: [0.86764706 0.47222222 0.74285714 0.86046512 0.63265306] (0.7151689202812909 pm 0.16655267189978304)
190 15:52:05.781 [root] [INFO] : starting selection procedure
190 15:52:25.758 [root] [INFO] : duration: 19.976613998413086
190 15:52:25.758 [root] [INFO] : model: <class 'sklearn.ensemble._forest.ExtraTreesClassifier'>, parameters: {'max_depth': None, 'max_features': 'sqrt', 'n_estimators': 200}
190 15:52:25.758 [root] [INFO] : training model
190 15:52:25.924 [root] [INFO] : feature importances:
190 15:52:25.942 [root] [INFO] :   00 (     X-X-x-farnesene) : 0.0129
190 15:52:25.942 [root] [INFO] :   01 (         hexadecanol) : 0.0128
190 15:52:25.942 [root] [INFO] :   02 (  hexcadecyl acetate) : 0.0151
190 15:52:25.942 [root] [INFO] :   03 (                  AA) : 0.0051
190 15:52:25.943 [root] [INFO] :   04 (            15d PGJ2) : 0.0000
190 15:52:25.943 [root] [INFO] :   05 (          12/15sHETE) : 0.0061
190 15:52:25.943 [root] [INFO] :   06 (                PGJ2) : 0.0030
190 15:52:25.943 [root] [INFO] :   07 (                LTB4) : 0.0070
190 15:52:25.943 [root] [INFO] :   08 (         PGD2 / PGE2) : 0.0024
190 15:52:25.943 [root] [INFO] :   09 (               PGF2a) : 0.0000
190 15:52:25.943 [root] [INFO] :   10 (   Neuroprotectin D1) : 0.0029
190 15:52:25.943 [root] [INFO] :   11 (                TXB2) : 0.0031
190 15:52:25.943 [root] [INFO] :   12 (         Resolvin D1) : 0.0001
190 15:52:25.943 [root] [INFO] :   13 (Sphingosine-1-pho...) : 0.0000
190 15:52:25.943 [root] [INFO] :   14 (             LysoPPC) : 0.0538
190 15:52:25.943 [root] [INFO] :   15 (LysoSPC/  PAF -O-...) : 0.0660
190 15:52:25.943 [root] [INFO] :   16 (       PC 20:3, Lyso) : 0.0295
190 15:52:25.943 [root] [INFO] :   17 ( PC 18:1 C1 Carbonyl) : 0.0224
190 15:52:25.943 [root] [INFO] :   18 (         PAF -O-18:0) : 0.0153
190 15:52:25.943 [root] [INFO] :   19 (               POVPC) : 0.0099
190 15:52:25.943 [root] [INFO] :   20 ( PC 22:6 C1 Carbonyl) : 0.0055
190 15:52:25.943 [root] [INFO] :   21 (                PGPC) : 0.0061
190 15:52:25.943 [root] [INFO] :   22 (               PONPC) : 0.0241
190 15:52:25.943 [root] [INFO] :   23 (PC 16:0 C9 Carbon...) : 0.0252
190 15:52:25.943 [root] [INFO] :   24 (               PAzPC) : 0.0672
190 15:52:25.943 [root] [INFO] :   25 (                DPPC) : 0.0925
190 15:52:25.943 [root] [INFO] :   26 (                PLPC) : 0.0961
190 15:52:25.943 [root] [INFO] :   27 (                PAPC) : 0.1026
190 15:52:25.944 [root] [INFO] :   28 (                SLPC) : 0.0732
190 15:52:25.944 [root] [INFO] :   29 (             PAPC-OH) : 0.0297
190 15:52:25.944 [root] [INFO] :   30 (               PDHPC) : 0.0993
190 15:52:25.944 [root] [INFO] :   31 (               PECPC) : 0.0143
190 15:52:25.944 [root] [INFO] :   32 (                SAPC) : 0.0588
190 15:52:25.944 [root] [INFO] :   33 (             isoPGJ2) : 0.0127
190 15:52:25.944 [root] [INFO] :   34 (            PAPC-OOH) : 0.0124
190 15:52:25.944 [root] [INFO] :   35 (               PEIPC) : 0.0066
190 15:52:25.944 [root] [INFO] :   36 (          isoPGF-PPC) : 0.0063
190 15:52:28.497 [root] [INFO] : done
