190 16:12:23.164 [root] [INFO] : norm: '_norm_vect', problem: 'LS_n SC_n'
190 16:12:24.325 [root] [INFO] : y_slice: slice(623, 640, None), x_slice: slice(448, 654, None)
190 16:12:24.438 [root] [INFO] : merged.data.shape=(98, 37)
190 16:12:24.438 [root] [INFO] : merged.target.shape=(98,)
190 16:12:25.418 [root] [INFO] : y_slice: slice(598, 617, None), x_slice: slice(506, 679, None)
190 16:12:25.513 [root] [INFO] : merged.data.shape=(110, 37)
190 16:12:25.513 [root] [INFO] : merged.target.shape=(110,)
190 16:12:26.318 [root] [INFO] : y_slice: slice(603, 610, None), x_slice: slice(711, 750, None)
190 16:12:26.339 [root] [INFO] : merged.data.shape=(23, 37)
190 16:12:26.339 [root] [INFO] : merged.target.shape=(23,)
190 16:12:26.339 [root] [INFO] : ds_x.shape=(231, 37)
190 16:12:26.339 [root] [INFO] : checking for class imbalance:
190 16:12:26.339 [root] [INFO] : occurrence_per_class: {'LS_n': 164, 'SC_n': 67}
190 16:12:26.339 [root] [INFO] : max rel. occurrence = 0.7100
190 16:12:26.340 [root] [INFO] : min rel. occurrence = 0.2900
190 16:12:26.340 [root] [INFO] : . . .  1 / #classes = 0.5000
190 16:12:26.340 [root] [INFO] : terms: ['LS_n', 'SC_n']
190 16:12:26.340 [root] [INFO] : starting assessment procedure
190 16:13:58.877 [root] [INFO] : duration: 92.53666687011719
190 16:13:58.877 [root] [INFO] : scores: [0.85294118 0.5        0.74285714 0.81395349 0.63265306] (0.7084809737848629 pm 0.14351751743862887)
190 16:13:58.877 [root] [INFO] : starting selection procedure
190 16:14:17.642 [root] [INFO] : duration: 18.764893531799316
190 16:14:17.642 [root] [INFO] : model: <class 'sklearn.ensemble._forest.ExtraTreesClassifier'>, parameters: {'max_depth': None, 'max_features': None, 'n_estimators': 200}
190 16:14:17.642 [root] [INFO] : training model
190 16:14:17.798 [root] [INFO] : feature importances:
190 16:14:17.814 [root] [INFO] :   00 (     X-X-x-farnesene) : 0.0132
190 16:14:17.814 [root] [INFO] :   01 (         hexadecanol) : 0.0082
190 16:14:17.814 [root] [INFO] :   02 (  hexcadecyl acetate) : 0.0108
190 16:14:17.814 [root] [INFO] :   03 (                  AA) : 0.0019
190 16:14:17.814 [root] [INFO] :   04 (            15d PGJ2) : 0.0000
190 16:14:17.814 [root] [INFO] :   05 (          12/15sHETE) : 0.0041
190 16:14:17.814 [root] [INFO] :   06 (                PGJ2) : 0.0009
190 16:14:17.814 [root] [INFO] :   07 (                LTB4) : 0.0030
190 16:14:17.814 [root] [INFO] :   08 (         PGD2 / PGE2) : 0.0017
190 16:14:17.814 [root] [INFO] :   09 (               PGF2a) : 0.0000
190 16:14:17.814 [root] [INFO] :   10 (   Neuroprotectin D1) : 0.0013
190 16:14:17.814 [root] [INFO] :   11 (                TXB2) : 0.0014
190 16:14:17.815 [root] [INFO] :   12 (         Resolvin D1) : 0.0000
190 16:14:17.815 [root] [INFO] :   13 (Sphingosine-1-pho...) : 0.0000
190 16:14:17.815 [root] [INFO] :   14 (             LysoPPC) : 0.0663
190 16:14:17.815 [root] [INFO] :   15 (LysoSPC/  PAF -O-...) : 0.0741
190 16:14:17.815 [root] [INFO] :   16 (       PC 20:3, Lyso) : 0.0318
190 16:14:17.815 [root] [INFO] :   17 ( PC 18:1 C1 Carbonyl) : 0.0133
190 16:14:17.815 [root] [INFO] :   18 (         PAF -O-18:0) : 0.0161
190 16:14:17.815 [root] [INFO] :   19 (               POVPC) : 0.0062
190 16:14:17.815 [root] [INFO] :   20 ( PC 22:6 C1 Carbonyl) : 0.0037
190 16:14:17.815 [root] [INFO] :   21 (                PGPC) : 0.0050
190 16:14:17.815 [root] [INFO] :   22 (               PONPC) : 0.0168
190 16:14:17.815 [root] [INFO] :   23 (PC 16:0 C9 Carbon...) : 0.0177
190 16:14:17.815 [root] [INFO] :   24 (               PAzPC) : 0.0748
190 16:14:17.815 [root] [INFO] :   25 (                DPPC) : 0.1048
190 16:14:17.815 [root] [INFO] :   26 (                PLPC) : 0.0863
190 16:14:17.815 [root] [INFO] :   27 (                PAPC) : 0.0979
190 16:14:17.815 [root] [INFO] :   28 (                SLPC) : 0.0598
190 16:14:17.815 [root] [INFO] :   29 (             PAPC-OH) : 0.0272
190 16:14:17.815 [root] [INFO] :   30 (               PDHPC) : 0.1297
190 16:14:17.815 [root] [INFO] :   31 (               PECPC) : 0.0163
190 16:14:17.815 [root] [INFO] :   32 (                SAPC) : 0.0750
190 16:14:17.815 [root] [INFO] :   33 (             isoPGJ2) : 0.0078
190 16:14:17.815 [root] [INFO] :   34 (            PAPC-OOH) : 0.0170
190 16:14:17.816 [root] [INFO] :   35 (               PEIPC) : 0.0039
190 16:14:17.816 [root] [INFO] :   36 (          isoPGF-PPC) : 0.0021
190 16:14:20.828 [root] [INFO] : done
