190 16:03:43.121 [root] [INFO] : norm: '_norm_vect', problem: 'LS_n LS_p'
190 16:03:44.246 [root] [INFO] : y_slice: slice(623, 638, None), x_slice: slice(476, 653, None)
190 16:03:44.352 [root] [INFO] : merged.data.shape=(114, 37)
190 16:03:44.352 [root] [INFO] : merged.target.shape=(114,)
190 16:03:45.286 [root] [INFO] : y_slice: slice(596, 617, None), x_slice: slice(501, 679, None)
190 16:03:45.390 [root] [INFO] : merged.data.shape=(163, 37)
190 16:03:45.390 [root] [INFO] : merged.target.shape=(163,)
190 16:03:46.161 [root] [INFO] : y_slice: slice(603, 608, None), x_slice: slice(711, 752, None)
190 16:03:46.184 [root] [INFO] : merged.data.shape=(27, 37)
190 16:03:46.184 [root] [INFO] : merged.target.shape=(27,)
190 16:03:46.184 [root] [INFO] : ds_x.shape=(304, 37)
190 16:03:46.185 [root] [INFO] : checking for class imbalance:
190 16:03:46.185 [root] [INFO] : occurrence_per_class: {'LS_n': 164, 'LS_p': 140}
190 16:03:46.185 [root] [INFO] : max rel. occurrence = 0.5395
190 16:03:46.185 [root] [INFO] : min rel. occurrence = 0.4605
190 16:03:46.185 [root] [INFO] : . . .  1 / #classes = 0.5000
190 16:03:46.185 [root] [INFO] : terms: ['LS_n', 'LS_p']
190 16:03:46.185 [root] [INFO] : starting assessment procedure
190 16:05:38.272 [root] [INFO] : duration: 112.08675360679626
190 16:05:38.272 [root] [INFO] : scores: [0.28888889 0.14814815 0.44642857 0.35820896 0.4       ] (0.3283349127378978 pm 0.11618704133906972)
190 16:05:38.273 [root] [INFO] : starting selection procedure
190 16:06:03.554 [root] [INFO] : duration: 25.281076669692993
190 16:06:03.554 [root] [INFO] : model: <class 'sklearn.tree._classes.DecisionTreeClassifier'>, parameters: {'max_depth': None}
190 16:06:03.554 [root] [INFO] : training model
190 16:06:03.557 [root] [INFO] : feature importances:
190 16:06:03.557 [root] [INFO] :   00 (     X-X-x-farnesene) : 0.0109
190 16:06:03.557 [root] [INFO] :   01 (         hexadecanol) : 0.0000
190 16:06:03.557 [root] [INFO] :   02 (  hexcadecyl acetate) : 0.0000
190 16:06:03.557 [root] [INFO] :   03 (                  AA) : 0.0000
190 16:06:03.557 [root] [INFO] :   04 (            15d PGJ2) : 0.0000
190 16:06:03.558 [root] [INFO] :   05 (          12/15sHETE) : 0.0216
190 16:06:03.558 [root] [INFO] :   06 (                PGJ2) : 0.0000
190 16:06:03.558 [root] [INFO] :   07 (                LTB4) : 0.0000
190 16:06:03.558 [root] [INFO] :   08 (         PGD2 / PGE2) : 0.0120
190 16:06:03.558 [root] [INFO] :   09 (               PGF2a) : 0.0000
190 16:06:03.558 [root] [INFO] :   10 (   Neuroprotectin D1) : 0.0270
190 16:06:03.558 [root] [INFO] :   11 (                TXB2) : 0.0000
190 16:06:03.558 [root] [INFO] :   12 (         Resolvin D1) : 0.0227
190 16:06:03.558 [root] [INFO] :   13 (Sphingosine-1-pho...) : 0.0000
190 16:06:03.558 [root] [INFO] :   14 (             LysoPPC) : 0.1382
190 16:06:03.558 [root] [INFO] :   15 (LysoSPC/  PAF -O-...) : 0.0599
190 16:06:03.558 [root] [INFO] :   16 (       PC 20:3, Lyso) : 0.0000
190 16:06:03.558 [root] [INFO] :   17 ( PC 18:1 C1 Carbonyl) : 0.0146
190 16:06:03.558 [root] [INFO] :   18 (         PAF -O-18:0) : 0.0096
190 16:06:03.558 [root] [INFO] :   19 (               POVPC) : 0.0128
190 16:06:03.558 [root] [INFO] :   20 ( PC 22:6 C1 Carbonyl) : 0.0000
190 16:06:03.558 [root] [INFO] :   21 (                PGPC) : 0.0000
190 16:06:03.558 [root] [INFO] :   22 (               PONPC) : 0.0089
190 16:06:03.558 [root] [INFO] :   23 (PC 16:0 C9 Carbon...) : 0.0727
190 16:06:03.558 [root] [INFO] :   24 (               PAzPC) : 0.1304
190 16:06:03.558 [root] [INFO] :   25 (                DPPC) : 0.1119
190 16:06:03.558 [root] [INFO] :   26 (                PLPC) : 0.1386
190 16:06:03.558 [root] [INFO] :   27 (                PAPC) : 0.0774
190 16:06:03.558 [root] [INFO] :   28 (                SLPC) : 0.0496
190 16:06:03.559 [root] [INFO] :   29 (             PAPC-OH) : 0.0000
190 16:06:03.559 [root] [INFO] :   30 (               PDHPC) : 0.0350
190 16:06:03.559 [root] [INFO] :   31 (               PECPC) : 0.0279
190 16:06:03.559 [root] [INFO] :   32 (                SAPC) : 0.0183
190 16:06:03.559 [root] [INFO] :   33 (             isoPGJ2) : 0.0000
190 16:06:03.559 [root] [INFO] :   34 (            PAPC-OOH) : 0.0000
190 16:06:03.559 [root] [INFO] :   35 (               PEIPC) : 0.0000
190 16:06:03.559 [root] [INFO] :   36 (          isoPGF-PPC) : 0.0000
190 16:06:05.887 [root] [INFO] : done
