190 15:44:16.364 [root] [INFO] : norm: '_norm_tic', problem: 'LS_n LS_p'
190 15:44:17.574 [root] [INFO] : y_slice: slice(623, 638, None), x_slice: slice(476, 653, None)
190 15:44:17.680 [root] [INFO] : merged.data.shape=(114, 37)
190 15:44:17.680 [root] [INFO] : merged.target.shape=(114,)
190 15:44:18.748 [root] [INFO] : y_slice: slice(596, 617, None), x_slice: slice(501, 679, None)
190 15:44:18.854 [root] [INFO] : merged.data.shape=(163, 37)
190 15:44:18.854 [root] [INFO] : merged.target.shape=(163,)
190 15:44:19.809 [root] [INFO] : y_slice: slice(603, 608, None), x_slice: slice(711, 752, None)
190 15:44:19.831 [root] [INFO] : merged.data.shape=(27, 37)
190 15:44:19.831 [root] [INFO] : merged.target.shape=(27,)
190 15:44:19.832 [root] [INFO] : ds_x.shape=(304, 37)
190 15:44:19.832 [root] [INFO] : checking for class imbalance:
190 15:44:19.832 [root] [INFO] : occurrence_per_class: {'LS_n': 164, 'LS_p': 140}
190 15:44:19.832 [root] [INFO] : max rel. occurrence = 0.5395
190 15:44:19.832 [root] [INFO] : min rel. occurrence = 0.4605
190 15:44:19.832 [root] [INFO] : . . .  1 / #classes = 0.5000
190 15:44:19.832 [root] [INFO] : terms: ['LS_n', 'LS_p']
190 15:44:19.832 [root] [INFO] : starting assessment procedure
190 15:46:12.515 [root] [INFO] : duration: 112.68272995948792
190 15:46:12.515 [root] [INFO] : scores: [0.59016393 0.36065574 0.45901639 0.52459016 0.63333333] (0.513551912568306 pm 0.1080395723578085)
190 15:46:12.516 [root] [INFO] : starting selection procedure
190 15:46:37.255 [root] [INFO] : duration: 24.739407777786255
190 15:46:37.255 [root] [INFO] : model: <class 'sklearn.tree._classes.DecisionTreeClassifier'>, parameters: {'max_depth': 20}
190 15:46:37.255 [root] [INFO] : training model
190 15:46:37.258 [root] [INFO] : feature importances:
190 15:46:37.258 [root] [INFO] :   00 (     X-X-x-farnesene) : 0.0000
190 15:46:37.259 [root] [INFO] :   01 (         hexadecanol) : 0.0000
190 15:46:37.259 [root] [INFO] :   02 (  hexcadecyl acetate) : 0.0000
190 15:46:37.259 [root] [INFO] :   03 (                  AA) : 0.0000
190 15:46:37.259 [root] [INFO] :   04 (            15d PGJ2) : 0.0000
190 15:46:37.259 [root] [INFO] :   05 (          12/15sHETE) : 0.0189
190 15:46:37.259 [root] [INFO] :   06 (                PGJ2) : 0.0000
190 15:46:37.259 [root] [INFO] :   07 (                LTB4) : 0.0098
190 15:46:37.259 [root] [INFO] :   08 (         PGD2 / PGE2) : 0.0000
190 15:46:37.259 [root] [INFO] :   09 (               PGF2a) : 0.0000
190 15:46:37.259 [root] [INFO] :   10 (   Neuroprotectin D1) : 0.0195
190 15:46:37.259 [root] [INFO] :   11 (                TXB2) : 0.0120
190 15:46:37.259 [root] [INFO] :   12 (         Resolvin D1) : 0.0124
190 15:46:37.259 [root] [INFO] :   13 (Sphingosine-1-pho...) : 0.0000
190 15:46:37.259 [root] [INFO] :   14 (             LysoPPC) : 0.0565
190 15:46:37.259 [root] [INFO] :   15 (LysoSPC/  PAF -O-...) : 0.0362
190 15:46:37.259 [root] [INFO] :   16 (       PC 20:3, Lyso) : 0.0061
190 15:46:37.259 [root] [INFO] :   17 ( PC 18:1 C1 Carbonyl) : 0.0541
190 15:46:37.259 [root] [INFO] :   18 (         PAF -O-18:0) : 0.0135
190 15:46:37.259 [root] [INFO] :   19 (               POVPC) : 0.0000
190 15:46:37.259 [root] [INFO] :   20 ( PC 22:6 C1 Carbonyl) : 0.0000
190 15:46:37.259 [root] [INFO] :   21 (                PGPC) : 0.0091
190 15:46:37.259 [root] [INFO] :   22 (               PONPC) : 0.0000
190 15:46:37.259 [root] [INFO] :   23 (PC 16:0 C9 Carbon...) : 0.0288
190 15:46:37.260 [root] [INFO] :   24 (               PAzPC) : 0.0949
190 15:46:37.260 [root] [INFO] :   25 (                DPPC) : 0.1972
190 15:46:37.260 [root] [INFO] :   26 (                PLPC) : 0.0859
190 15:46:37.260 [root] [INFO] :   27 (                PAPC) : 0.0588
190 15:46:37.260 [root] [INFO] :   28 (                SLPC) : 0.0475
190 15:46:37.260 [root] [INFO] :   29 (             PAPC-OH) : 0.0345
190 15:46:37.260 [root] [INFO] :   30 (               PDHPC) : 0.0774
190 15:46:37.260 [root] [INFO] :   31 (               PECPC) : 0.0000
190 15:46:37.260 [root] [INFO] :   32 (                SAPC) : 0.0880
190 15:46:37.260 [root] [INFO] :   33 (             isoPGJ2) : 0.0000
190 15:46:37.260 [root] [INFO] :   34 (            PAPC-OOH) : 0.0000
190 15:46:37.260 [root] [INFO] :   35 (               PEIPC) : 0.0168
190 15:46:37.260 [root] [INFO] :   36 (          isoPGF-PPC) : 0.0222
190 15:46:39.701 [root] [INFO] : done
