190 14:50:57.675 [root] [INFO] : norm: '', problem: 'LS_p SC_p'
190 14:50:58.851 [root] [INFO] : y_slice: slice(624, 641, None), x_slice: slice(452, 653, None)
190 14:50:58.967 [root] [INFO] : merged.data.shape=(118, 37)
190 14:50:58.967 [root] [INFO] : merged.target.shape=(118,)
190 14:50:59.863 [root] [INFO] : y_slice: slice(596, 617, None), x_slice: slice(501, 679, None)
190 14:50:59.965 [root] [INFO] : merged.data.shape=(103, 37)
190 14:50:59.965 [root] [INFO] : merged.target.shape=(103,)
190 14:51:00.765 [root] [INFO] : y_slice: slice(603, 611, None), x_slice: slice(706, 752, None)
190 14:51:00.796 [root] [INFO] : merged.data.shape=(25, 37)
190 14:51:00.796 [root] [INFO] : merged.target.shape=(25,)
190 14:51:00.796 [root] [INFO] : ds_x.shape=(246, 37)
190 14:51:00.796 [root] [INFO] : checking for class imbalance:
190 14:51:00.796 [root] [INFO] : occurrence_per_class: {'LS_p': 140, 'SC_p': 106}
190 14:51:00.796 [root] [INFO] : max rel. occurrence = 0.5691
190 14:51:00.796 [root] [INFO] : min rel. occurrence = 0.4309
190 14:51:00.797 [root] [INFO] : . . .  1 / #classes = 0.5000
190 14:51:00.797 [root] [INFO] : terms: ['LS_p', 'SC_p']
190 14:51:00.797 [root] [INFO] : starting assessment procedure
190 14:52:41.430 [root] [INFO] : duration: 100.63275909423828
190 14:52:41.430 [root] [INFO] : scores: [0.74       0.75510204 0.67346939 0.79591837 0.79591837] (0.7520816326530613 pm 0.050443761700966955)
190 14:52:41.430 [root] [INFO] : starting selection procedure
190 14:53:00.909 [root] [INFO] : duration: 19.47876000404358
190 14:53:00.909 [root] [INFO] : model: <class 'sklearn.ensemble._forest.RandomForestClassifier'>, parameters: {'max_depth': None, 'max_features': 'sqrt', 'n_estimators': 200}
190 14:53:00.909 [root] [INFO] : training model
190 14:53:01.130 [root] [INFO] : feature importances:
190 14:53:01.146 [root] [INFO] :   00 (     X-X-x-farnesene) : 0.0104
190 14:53:01.146 [root] [INFO] :   01 (         hexadecanol) : 0.0093
190 14:53:01.146 [root] [INFO] :   02 (  hexcadecyl acetate) : 0.0016
190 14:53:01.146 [root] [INFO] :   03 (                  AA) : 0.0048
190 14:53:01.146 [root] [INFO] :   04 (            15d PGJ2) : 0.0000
190 14:53:01.146 [root] [INFO] :   05 (          12/15sHETE) : 0.0040
190 14:53:01.146 [root] [INFO] :   06 (                PGJ2) : 0.0012
190 14:53:01.146 [root] [INFO] :   07 (                LTB4) : 0.0023
190 14:53:01.146 [root] [INFO] :   08 (         PGD2 / PGE2) : 0.0008
190 14:53:01.146 [root] [INFO] :   09 (               PGF2a) : 0.0000
190 14:53:01.146 [root] [INFO] :   10 (   Neuroprotectin D1) : 0.0063
190 14:53:01.146 [root] [INFO] :   11 (                TXB2) : 0.0000
190 14:53:01.146 [root] [INFO] :   12 (         Resolvin D1) : 0.0025
190 14:53:01.146 [root] [INFO] :   13 (Sphingosine-1-pho...) : 0.0000
190 14:53:01.146 [root] [INFO] :   14 (             LysoPPC) : 0.0613
190 14:53:01.146 [root] [INFO] :   15 (LysoSPC/  PAF -O-...) : 0.0398
190 14:53:01.146 [root] [INFO] :   16 (       PC 20:3, Lyso) : 0.0064
190 14:53:01.146 [root] [INFO] :   17 ( PC 18:1 C1 Carbonyl) : 0.0234
190 14:53:01.146 [root] [INFO] :   18 (         PAF -O-18:0) : 0.0037
190 14:53:01.146 [root] [INFO] :   19 (               POVPC) : 0.0045
190 14:53:01.146 [root] [INFO] :   20 ( PC 22:6 C1 Carbonyl) : 0.0025
190 14:53:01.146 [root] [INFO] :   21 (                PGPC) : 0.0073
190 14:53:01.146 [root] [INFO] :   22 (               PONPC) : 0.0220
190 14:53:01.147 [root] [INFO] :   23 (PC 16:0 C9 Carbon...) : 0.0287
190 14:53:01.147 [root] [INFO] :   24 (               PAzPC) : 0.0680
190 14:53:01.147 [root] [INFO] :   25 (                DPPC) : 0.1071
190 14:53:01.147 [root] [INFO] :   26 (                PLPC) : 0.1143
190 14:53:01.147 [root] [INFO] :   27 (                PAPC) : 0.1110
190 14:53:01.147 [root] [INFO] :   28 (                SLPC) : 0.1143
190 14:53:01.147 [root] [INFO] :   29 (             PAPC-OH) : 0.0334
190 14:53:01.147 [root] [INFO] :   30 (               PDHPC) : 0.0954
190 14:53:01.147 [root] [INFO] :   31 (               PECPC) : 0.0138
190 14:53:01.147 [root] [INFO] :   32 (                SAPC) : 0.0690
190 14:53:01.147 [root] [INFO] :   33 (             isoPGJ2) : 0.0170
190 14:53:01.147 [root] [INFO] :   34 (            PAPC-OOH) : 0.0028
190 14:53:01.147 [root] [INFO] :   35 (               PEIPC) : 0.0060
190 14:53:01.147 [root] [INFO] :   36 (          isoPGF-PPC) : 0.0050
190 14:53:03.625 [root] [INFO] : done
