190 16:18:26.599 [root] [INFO] : norm: '_norm_vect', problem: 'LS_p SC_p'
190 16:18:28.059 [root] [INFO] : y_slice: slice(624, 641, None), x_slice: slice(452, 653, None)
190 16:18:28.174 [root] [INFO] : merged.data.shape=(118, 37)
190 16:18:28.174 [root] [INFO] : merged.target.shape=(118,)
190 16:18:29.120 [root] [INFO] : y_slice: slice(596, 617, None), x_slice: slice(501, 679, None)
190 16:18:29.220 [root] [INFO] : merged.data.shape=(103, 37)
190 16:18:29.220 [root] [INFO] : merged.target.shape=(103,)
190 16:18:29.977 [root] [INFO] : y_slice: slice(603, 611, None), x_slice: slice(706, 752, None)
190 16:18:29.999 [root] [INFO] : merged.data.shape=(25, 37)
190 16:18:29.999 [root] [INFO] : merged.target.shape=(25,)
190 16:18:29.999 [root] [INFO] : ds_x.shape=(246, 37)
190 16:18:29.999 [root] [INFO] : checking for class imbalance:
190 16:18:30.000 [root] [INFO] : occurrence_per_class: {'LS_p': 140, 'SC_p': 106}
190 16:18:30.000 [root] [INFO] : max rel. occurrence = 0.5691
190 16:18:30.000 [root] [INFO] : min rel. occurrence = 0.4309
190 16:18:30.000 [root] [INFO] : . . .  1 / #classes = 0.5000
190 16:18:30.000 [root] [INFO] : terms: ['LS_p', 'SC_p']
190 16:18:30.000 [root] [INFO] : starting assessment procedure
190 16:20:05.892 [root] [INFO] : duration: 95.89174890518188
190 16:20:05.892 [root] [INFO] : scores: [0.7        0.73469388 0.7755102  0.75510204 0.85714286] (0.7644897959183674 pm 0.05882367640915557)
190 16:20:05.892 [root] [INFO] : starting selection procedure
190 16:20:25.859 [root] [INFO] : duration: 19.966647148132324
190 16:20:25.859 [root] [INFO] : model: <class 'sklearn.ensemble._forest.RandomForestClassifier'>, parameters: {'max_depth': None, 'max_features': 'sqrt', 'n_estimators': 200}
190 16:20:25.859 [root] [INFO] : training model
190 16:20:26.074 [root] [INFO] : feature importances:
190 16:20:26.089 [root] [INFO] :   00 (     X-X-x-farnesene) : 0.0122
190 16:20:26.089 [root] [INFO] :   01 (         hexadecanol) : 0.0077
190 16:20:26.089 [root] [INFO] :   02 (  hexcadecyl acetate) : 0.0017
190 16:20:26.089 [root] [INFO] :   03 (                  AA) : 0.0045
190 16:20:26.089 [root] [INFO] :   04 (            15d PGJ2) : 0.0000
190 16:20:26.089 [root] [INFO] :   05 (          12/15sHETE) : 0.0044
190 16:20:26.089 [root] [INFO] :   06 (                PGJ2) : 0.0017
190 16:20:26.089 [root] [INFO] :   07 (                LTB4) : 0.0019
190 16:20:26.089 [root] [INFO] :   08 (         PGD2 / PGE2) : 0.0008
190 16:20:26.089 [root] [INFO] :   09 (               PGF2a) : 0.0000
190 16:20:26.089 [root] [INFO] :   10 (   Neuroprotectin D1) : 0.0079
190 16:20:26.089 [root] [INFO] :   11 (                TXB2) : 0.0000
190 16:20:26.089 [root] [INFO] :   12 (         Resolvin D1) : 0.0040
190 16:20:26.089 [root] [INFO] :   13 (Sphingosine-1-pho...) : 0.0000
190 16:20:26.089 [root] [INFO] :   14 (             LysoPPC) : 0.0605
190 16:20:26.090 [root] [INFO] :   15 (LysoSPC/  PAF -O-...) : 0.0486
190 16:20:26.090 [root] [INFO] :   16 (       PC 20:3, Lyso) : 0.0091
190 16:20:26.090 [root] [INFO] :   17 ( PC 18:1 C1 Carbonyl) : 0.0230
190 16:20:26.090 [root] [INFO] :   18 (         PAF -O-18:0) : 0.0051
190 16:20:26.090 [root] [INFO] :   19 (               POVPC) : 0.0033
190 16:20:26.090 [root] [INFO] :   20 ( PC 22:6 C1 Carbonyl) : 0.0020
190 16:20:26.090 [root] [INFO] :   21 (                PGPC) : 0.0080
190 16:20:26.090 [root] [INFO] :   22 (               PONPC) : 0.0236
190 16:20:26.090 [root] [INFO] :   23 (PC 16:0 C9 Carbon...) : 0.0266
190 16:20:26.090 [root] [INFO] :   24 (               PAzPC) : 0.0669
190 16:20:26.090 [root] [INFO] :   25 (                DPPC) : 0.1125
190 16:20:26.090 [root] [INFO] :   26 (                PLPC) : 0.1186
190 16:20:26.090 [root] [INFO] :   27 (                PAPC) : 0.1124
190 16:20:26.090 [root] [INFO] :   28 (                SLPC) : 0.0953
190 16:20:26.090 [root] [INFO] :   29 (             PAPC-OH) : 0.0350
190 16:20:26.090 [root] [INFO] :   30 (               PDHPC) : 0.1032
190 16:20:26.090 [root] [INFO] :   31 (               PECPC) : 0.0125
190 16:20:26.090 [root] [INFO] :   32 (                SAPC) : 0.0590
190 16:20:26.090 [root] [INFO] :   33 (             isoPGJ2) : 0.0142
190 16:20:26.090 [root] [INFO] :   34 (            PAPC-OOH) : 0.0015
190 16:20:26.090 [root] [INFO] :   35 (               PEIPC) : 0.0054
190 16:20:26.090 [root] [INFO] :   36 (          isoPGF-PPC) : 0.0066
190 16:20:28.723 [root] [INFO] : done
