190 16:16:24.012 [root] [INFO] : norm: '_norm_vect', problem: 'LS_p SC_p'
190 16:16:26.129 [root] [INFO] : y_slice: slice(624, 641, None), x_slice: slice(452, 653, None)
190 16:16:26.243 [root] [INFO] : merged.data.shape=(118, 37)
190 16:16:26.244 [root] [INFO] : merged.target.shape=(118,)
190 16:16:27.295 [root] [INFO] : y_slice: slice(596, 617, None), x_slice: slice(501, 679, None)
190 16:16:27.396 [root] [INFO] : merged.data.shape=(103, 37)
190 16:16:27.396 [root] [INFO] : merged.target.shape=(103,)
190 16:16:28.205 [root] [INFO] : y_slice: slice(603, 611, None), x_slice: slice(706, 752, None)
190 16:16:28.227 [root] [INFO] : merged.data.shape=(25, 37)
190 16:16:28.227 [root] [INFO] : merged.target.shape=(25,)
190 16:16:28.227 [root] [INFO] : ds_x.shape=(246, 37)
190 16:16:28.228 [root] [INFO] : checking for class imbalance:
190 16:16:28.228 [root] [INFO] : occurrence_per_class: {'LS_p': 140, 'SC_p': 106}
190 16:16:28.228 [root] [INFO] : max rel. occurrence = 0.5691
190 16:16:28.228 [root] [INFO] : min rel. occurrence = 0.4309
190 16:16:28.228 [root] [INFO] : . . .  1 / #classes = 0.5000
190 16:16:28.228 [root] [INFO] : terms: ['LS_p', 'SC_p']
190 16:16:28.228 [root] [INFO] : starting assessment procedure
190 16:18:02.732 [root] [INFO] : duration: 94.50429010391235
190 16:18:02.733 [root] [INFO] : scores: [0.65909091 0.73684211 0.59574468 0.72881356 0.68965517] (0.6820292853881915 pm 0.05749471660590605)
190 16:18:02.733 [root] [INFO] : starting selection procedure
190 16:18:23.517 [root] [INFO] : duration: 20.783869743347168
190 16:18:23.517 [root] [INFO] : model: <class 'sklearn.ensemble._forest.ExtraTreesClassifier'>, parameters: {'max_depth': 20, 'max_features': 'sqrt', 'n_estimators': 500}
190 16:18:23.517 [root] [INFO] : training model
190 16:18:23.922 [root] [INFO] : feature importances:
190 16:18:23.966 [root] [INFO] :   00 (     X-X-x-farnesene) : 0.0183
190 16:18:23.966 [root] [INFO] :   01 (         hexadecanol) : 0.0132
190 16:18:23.966 [root] [INFO] :   02 (  hexcadecyl acetate) : 0.0031
190 16:18:23.966 [root] [INFO] :   03 (                  AA) : 0.0099
190 16:18:23.966 [root] [INFO] :   04 (            15d PGJ2) : 0.0000
190 16:18:23.966 [root] [INFO] :   05 (          12/15sHETE) : 0.0110
190 16:18:23.966 [root] [INFO] :   06 (                PGJ2) : 0.0046
190 16:18:23.966 [root] [INFO] :   07 (                LTB4) : 0.0053
190 16:18:23.966 [root] [INFO] :   08 (         PGD2 / PGE2) : 0.0025
190 16:18:23.966 [root] [INFO] :   09 (               PGF2a) : 0.0000
190 16:18:23.966 [root] [INFO] :   10 (   Neuroprotectin D1) : 0.0127
190 16:18:23.966 [root] [INFO] :   11 (                TXB2) : 0.0002
190 16:18:23.966 [root] [INFO] :   12 (         Resolvin D1) : 0.0093
190 16:18:23.966 [root] [INFO] :   13 (Sphingosine-1-pho...) : 0.0000
190 16:18:23.966 [root] [INFO] :   14 (             LysoPPC) : 0.0483
190 16:18:23.967 [root] [INFO] :   15 (LysoSPC/  PAF -O-...) : 0.0369
190 16:18:23.967 [root] [INFO] :   16 (       PC 20:3, Lyso) : 0.0146
190 16:18:23.967 [root] [INFO] :   17 ( PC 18:1 C1 Carbonyl) : 0.0319
190 16:18:23.967 [root] [INFO] :   18 (         PAF -O-18:0) : 0.0096
190 16:18:23.967 [root] [INFO] :   19 (               POVPC) : 0.0086
190 16:18:23.967 [root] [INFO] :   20 ( PC 22:6 C1 Carbonyl) : 0.0044
190 16:18:23.967 [root] [INFO] :   21 (                PGPC) : 0.0116
190 16:18:23.967 [root] [INFO] :   22 (               PONPC) : 0.0328
190 16:18:23.967 [root] [INFO] :   23 (PC 16:0 C9 Carbon...) : 0.0321
190 16:18:23.967 [root] [INFO] :   24 (               PAzPC) : 0.0558
190 16:18:23.967 [root] [INFO] :   25 (                DPPC) : 0.0988
190 16:18:23.967 [root] [INFO] :   26 (                PLPC) : 0.0888
190 16:18:23.967 [root] [INFO] :   27 (                PAPC) : 0.1094
190 16:18:23.967 [root] [INFO] :   28 (                SLPC) : 0.0629
190 16:18:23.967 [root] [INFO] :   29 (             PAPC-OH) : 0.0399
190 16:18:23.967 [root] [INFO] :   30 (               PDHPC) : 0.1032
190 16:18:23.967 [root] [INFO] :   31 (               PECPC) : 0.0186
190 16:18:23.967 [root] [INFO] :   32 (                SAPC) : 0.0527
190 16:18:23.967 [root] [INFO] :   33 (             isoPGJ2) : 0.0210
190 16:18:23.967 [root] [INFO] :   34 (            PAPC-OOH) : 0.0077
190 16:18:23.967 [root] [INFO] :   35 (               PEIPC) : 0.0066
190 16:18:23.967 [root] [INFO] :   36 (          isoPGF-PPC) : 0.0137
190 16:18:26.599 [root] [INFO] : done
