190 15:34:41.327 [root] [INFO] : norm: '_norm_max', problem: 'LS_p SC_p'
190 15:34:42.725 [root] [INFO] : y_slice: slice(624, 641, None), x_slice: slice(452, 653, None)
190 15:34:42.840 [root] [INFO] : merged.data.shape=(118, 37)
190 15:34:42.840 [root] [INFO] : merged.target.shape=(118,)
190 15:34:43.885 [root] [INFO] : y_slice: slice(596, 617, None), x_slice: slice(501, 679, None)
190 15:34:43.983 [root] [INFO] : merged.data.shape=(103, 37)
190 15:34:43.983 [root] [INFO] : merged.target.shape=(103,)
190 15:34:44.911 [root] [INFO] : y_slice: slice(603, 611, None), x_slice: slice(706, 752, None)
190 15:34:44.933 [root] [INFO] : merged.data.shape=(25, 37)
190 15:34:44.933 [root] [INFO] : merged.target.shape=(25,)
190 15:34:44.934 [root] [INFO] : ds_x.shape=(246, 37)
190 15:34:44.934 [root] [INFO] : checking for class imbalance:
190 15:34:44.934 [root] [INFO] : occurrence_per_class: {'LS_p': 140, 'SC_p': 106}
190 15:34:44.934 [root] [INFO] : max rel. occurrence = 0.5691
190 15:34:44.934 [root] [INFO] : min rel. occurrence = 0.4309
190 15:34:44.934 [root] [INFO] : . . .  1 / #classes = 0.5000
190 15:34:44.934 [root] [INFO] : terms: ['LS_p', 'SC_p']
190 15:34:44.934 [root] [INFO] : starting assessment procedure
190 15:36:20.490 [root] [INFO] : duration: 95.55523586273193
190 15:36:20.490 [root] [INFO] : scores: [0.72       0.7755102  0.73469388 0.73469388 0.83673469] (0.7603265306122449 pm 0.04745799782633375)
190 15:36:20.490 [root] [INFO] : starting selection procedure
190 15:36:40.604 [root] [INFO] : duration: 20.114063024520874
190 15:36:40.604 [root] [INFO] : model: <class 'sklearn.ensemble._forest.RandomForestClassifier'>, parameters: {'max_depth': 20, 'max_features': 'sqrt', 'n_estimators': 1000}
190 15:36:40.605 [root] [INFO] : training model
190 15:36:41.674 [root] [INFO] : feature importances:
190 15:36:41.747 [root] [INFO] :   00 (     X-X-x-farnesene) : 0.0100
190 15:36:41.747 [root] [INFO] :   01 (         hexadecanol) : 0.0080
190 15:36:41.747 [root] [INFO] :   02 (  hexcadecyl acetate) : 0.0015
190 15:36:41.747 [root] [INFO] :   03 (                  AA) : 0.0051
190 15:36:41.747 [root] [INFO] :   04 (            15d PGJ2) : 0.0000
190 15:36:41.747 [root] [INFO] :   05 (          12/15sHETE) : 0.0042
190 15:36:41.747 [root] [INFO] :   06 (                PGJ2) : 0.0016
190 15:36:41.747 [root] [INFO] :   07 (                LTB4) : 0.0029
190 15:36:41.747 [root] [INFO] :   08 (         PGD2 / PGE2) : 0.0005
190 15:36:41.747 [root] [INFO] :   09 (               PGF2a) : 0.0000
190 15:36:41.748 [root] [INFO] :   10 (   Neuroprotectin D1) : 0.0076
190 15:36:41.748 [root] [INFO] :   11 (                TXB2) : 0.0001
190 15:36:41.748 [root] [INFO] :   12 (         Resolvin D1) : 0.0026
190 15:36:41.748 [root] [INFO] :   13 (Sphingosine-1-pho...) : 0.0000
190 15:36:41.748 [root] [INFO] :   14 (             LysoPPC) : 0.0621
190 15:36:41.748 [root] [INFO] :   15 (LysoSPC/  PAF -O-...) : 0.0471
190 15:36:41.748 [root] [INFO] :   16 (       PC 20:3, Lyso) : 0.0084
190 15:36:41.748 [root] [INFO] :   17 ( PC 18:1 C1 Carbonyl) : 0.0218
190 15:36:41.748 [root] [INFO] :   18 (         PAF -O-18:0) : 0.0052
190 15:36:41.748 [root] [INFO] :   19 (               POVPC) : 0.0037
190 15:36:41.748 [root] [INFO] :   20 ( PC 22:6 C1 Carbonyl) : 0.0019
190 15:36:41.748 [root] [INFO] :   21 (                PGPC) : 0.0073
190 15:36:41.748 [root] [INFO] :   22 (               PONPC) : 0.0216
190 15:36:41.748 [root] [INFO] :   23 (PC 16:0 C9 Carbon...) : 0.0297
190 15:36:41.748 [root] [INFO] :   24 (               PAzPC) : 0.0656
190 15:36:41.748 [root] [INFO] :   25 (                DPPC) : 0.1120
190 15:36:41.748 [root] [INFO] :   26 (                PLPC) : 0.1066
190 15:36:41.748 [root] [INFO] :   27 (                PAPC) : 0.1173
190 15:36:41.748 [root] [INFO] :   28 (                SLPC) : 0.0997
190 15:36:41.748 [root] [INFO] :   29 (             PAPC-OH) : 0.0351
190 15:36:41.748 [root] [INFO] :   30 (               PDHPC) : 0.1016
190 15:36:41.748 [root] [INFO] :   31 (               PECPC) : 0.0143
190 15:36:41.748 [root] [INFO] :   32 (                SAPC) : 0.0678
190 15:36:41.748 [root] [INFO] :   33 (             isoPGJ2) : 0.0145
190 15:36:41.748 [root] [INFO] :   34 (            PAPC-OOH) : 0.0019
190 15:36:41.749 [root] [INFO] :   35 (               PEIPC) : 0.0052
190 15:36:41.749 [root] [INFO] :   36 (          isoPGF-PPC) : 0.0057
190 15:36:44.790 [root] [INFO] : done
