190 15:54:27.113 [root] [INFO] : norm: '_norm_tic', problem: 'LS_p SC_p'
190 15:54:28.337 [root] [INFO] : y_slice: slice(624, 641, None), x_slice: slice(452, 653, None)
190 15:54:28.451 [root] [INFO] : merged.data.shape=(118, 37)
190 15:54:28.451 [root] [INFO] : merged.target.shape=(118,)
190 15:54:29.387 [root] [INFO] : y_slice: slice(596, 617, None), x_slice: slice(501, 679, None)
190 15:54:29.487 [root] [INFO] : merged.data.shape=(103, 37)
190 15:54:29.487 [root] [INFO] : merged.target.shape=(103,)
190 15:54:30.283 [root] [INFO] : y_slice: slice(603, 611, None), x_slice: slice(706, 752, None)
190 15:54:30.305 [root] [INFO] : merged.data.shape=(25, 37)
190 15:54:30.305 [root] [INFO] : merged.target.shape=(25,)
190 15:54:30.305 [root] [INFO] : ds_x.shape=(246, 37)
190 15:54:30.306 [root] [INFO] : checking for class imbalance:
190 15:54:30.306 [root] [INFO] : occurrence_per_class: {'LS_p': 140, 'SC_p': 106}
190 15:54:30.306 [root] [INFO] : max rel. occurrence = 0.5691
190 15:54:30.306 [root] [INFO] : min rel. occurrence = 0.4309
190 15:54:30.306 [root] [INFO] : . . .  1 / #classes = 0.5000
190 15:54:30.306 [root] [INFO] : terms: ['LS_p', 'SC_p']
190 15:54:30.306 [root] [INFO] : starting assessment procedure
190 15:56:06.036 [root] [INFO] : duration: 95.72952222824097
190 15:56:06.036 [root] [INFO] : scores: [0.65909091 0.76315789 0.59574468 0.62711864 0.74137931] (0.6772982878182878 pm 0.07242020720190676)
190 15:56:06.036 [root] [INFO] : starting selection procedure
190 15:56:26.443 [root] [INFO] : duration: 20.406261682510376
190 15:56:26.443 [root] [INFO] : model: <class 'sklearn.ensemble._forest.ExtraTreesClassifier'>, parameters: {'max_depth': 20, 'max_features': 'sqrt', 'n_estimators': 200}
190 15:56:26.443 [root] [INFO] : training model
190 15:56:26.609 [root] [INFO] : feature importances:
190 15:56:26.627 [root] [INFO] :   00 (     X-X-x-farnesene) : 0.0209
190 15:56:26.627 [root] [INFO] :   01 (         hexadecanol) : 0.0126
190 15:56:26.627 [root] [INFO] :   02 (  hexcadecyl acetate) : 0.0028
190 15:56:26.627 [root] [INFO] :   03 (                  AA) : 0.0100
190 15:56:26.627 [root] [INFO] :   04 (            15d PGJ2) : 0.0000
190 15:56:26.628 [root] [INFO] :   05 (          12/15sHETE) : 0.0097
190 15:56:26.628 [root] [INFO] :   06 (                PGJ2) : 0.0049
190 15:56:26.628 [root] [INFO] :   07 (                LTB4) : 0.0059
190 15:56:26.628 [root] [INFO] :   08 (         PGD2 / PGE2) : 0.0022
190 15:56:26.628 [root] [INFO] :   09 (               PGF2a) : 0.0000
190 15:56:26.628 [root] [INFO] :   10 (   Neuroprotectin D1) : 0.0120
190 15:56:26.628 [root] [INFO] :   11 (                TXB2) : 0.0001
190 15:56:26.628 [root] [INFO] :   12 (         Resolvin D1) : 0.0075
190 15:56:26.628 [root] [INFO] :   13 (Sphingosine-1-pho...) : 0.0000
190 15:56:26.628 [root] [INFO] :   14 (             LysoPPC) : 0.0483
190 15:56:26.628 [root] [INFO] :   15 (LysoSPC/  PAF -O-...) : 0.0374
190 15:56:26.628 [root] [INFO] :   16 (       PC 20:3, Lyso) : 0.0137
190 15:56:26.628 [root] [INFO] :   17 ( PC 18:1 C1 Carbonyl) : 0.0304
190 15:56:26.628 [root] [INFO] :   18 (         PAF -O-18:0) : 0.0099
190 15:56:26.628 [root] [INFO] :   19 (               POVPC) : 0.0067
190 15:56:26.628 [root] [INFO] :   20 ( PC 22:6 C1 Carbonyl) : 0.0044
190 15:56:26.628 [root] [INFO] :   21 (                PGPC) : 0.0136
190 15:56:26.628 [root] [INFO] :   22 (               PONPC) : 0.0346
190 15:56:26.628 [root] [INFO] :   23 (PC 16:0 C9 Carbon...) : 0.0359
190 15:56:26.628 [root] [INFO] :   24 (               PAzPC) : 0.0552
190 15:56:26.628 [root] [INFO] :   25 (                DPPC) : 0.0987
190 15:56:26.628 [root] [INFO] :   26 (                PLPC) : 0.0866
190 15:56:26.628 [root] [INFO] :   27 (                PAPC) : 0.1038
190 15:56:26.628 [root] [INFO] :   28 (                SLPC) : 0.0599
190 15:56:26.628 [root] [INFO] :   29 (             PAPC-OH) : 0.0368
190 15:56:26.629 [root] [INFO] :   30 (               PDHPC) : 0.1147
190 15:56:26.629 [root] [INFO] :   31 (               PECPC) : 0.0197
190 15:56:26.629 [root] [INFO] :   32 (                SAPC) : 0.0531
190 15:56:26.629 [root] [INFO] :   33 (             isoPGJ2) : 0.0202
190 15:56:26.629 [root] [INFO] :   34 (            PAPC-OOH) : 0.0075
190 15:56:26.629 [root] [INFO] :   35 (               PEIPC) : 0.0065
190 15:56:26.629 [root] [INFO] :   36 (          isoPGF-PPC) : 0.0138
190 15:56:29.047 [root] [INFO] : done
