190 15:12:49.329 [root] [INFO] : norm: '_norm_2305', problem: 'LS_p SC_p'
190 15:12:50.593 [root] [INFO] : y_slice: slice(624, 641, None), x_slice: slice(452, 653, None)
190 15:12:50.709 [root] [INFO] : merged.data.shape=(118, 37)
190 15:12:50.709 [root] [INFO] : merged.target.shape=(118,)
190 15:12:51.646 [root] [INFO] : y_slice: slice(596, 617, None), x_slice: slice(501, 679, None)
190 15:12:51.744 [root] [INFO] : merged.data.shape=(103, 37)
190 15:12:51.744 [root] [INFO] : merged.target.shape=(103,)
190 15:12:52.544 [root] [INFO] : y_slice: slice(603, 611, None), x_slice: slice(706, 752, None)
190 15:12:52.567 [root] [INFO] : merged.data.shape=(25, 37)
190 15:12:52.567 [root] [INFO] : merged.target.shape=(25,)
190 15:12:52.567 [root] [INFO] : ds_x.shape=(246, 37)
190 15:12:52.568 [root] [INFO] : checking for class imbalance:
190 15:12:52.568 [root] [INFO] : occurrence_per_class: {'LS_p': 140, 'SC_p': 106}
190 15:12:52.568 [root] [INFO] : max rel. occurrence = 0.5691
190 15:12:52.568 [root] [INFO] : min rel. occurrence = 0.4309
190 15:12:52.568 [root] [INFO] : . . .  1 / #classes = 0.5000
190 15:12:52.568 [root] [INFO] : terms: ['LS_p', 'SC_p']
190 15:12:52.568 [root] [INFO] : starting assessment procedure
190 15:14:29.334 [root] [INFO] : duration: 96.76575326919556
190 15:14:29.334 [root] [INFO] : scores: [0.78       0.83673469 0.71428571 0.85714286 0.87755102] (0.8131428571428572 pm 0.0661667777838625)
190 15:14:29.334 [root] [INFO] : starting selection procedure
190 15:14:49.060 [root] [INFO] : duration: 19.72564148902893
190 15:14:49.060 [root] [INFO] : model: <class 'sklearn.ensemble._forest.ExtraTreesClassifier'>, parameters: {'max_depth': 20, 'max_features': 'sqrt', 'n_estimators': 500}
190 15:14:49.060 [root] [INFO] : training model
190 15:14:49.446 [root] [INFO] : feature importances:
190 15:14:49.489 [root] [INFO] :   00 (     X-X-x-farnesene) : 0.0129
190 15:14:49.489 [root] [INFO] :   01 (         hexadecanol) : 0.0159
190 15:14:49.489 [root] [INFO] :   02 (  hexcadecyl acetate) : 0.0045
190 15:14:49.489 [root] [INFO] :   03 (                  AA) : 0.0053
190 15:14:49.489 [root] [INFO] :   04 (            15d PGJ2) : 0.0000
190 15:14:49.489 [root] [INFO] :   05 (          12/15sHETE) : 0.0061
190 15:14:49.489 [root] [INFO] :   06 (                PGJ2) : 0.0005
190 15:14:49.489 [root] [INFO] :   07 (                LTB4) : 0.0021
190 15:14:49.489 [root] [INFO] :   08 (         PGD2 / PGE2) : 0.0027
190 15:14:49.489 [root] [INFO] :   09 (               PGF2a) : 0.0000
190 15:14:49.489 [root] [INFO] :   10 (   Neuroprotectin D1) : 0.0066
190 15:14:49.489 [root] [INFO] :   11 (                TXB2) : 0.0002
190 15:14:49.489 [root] [INFO] :   12 (         Resolvin D1) : 0.0072
190 15:14:49.489 [root] [INFO] :   13 (Sphingosine-1-pho...) : 0.0000
190 15:14:49.489 [root] [INFO] :   14 (             LysoPPC) : 0.0710
190 15:14:49.489 [root] [INFO] :   15 (LysoSPC/  PAF -O-...) : 0.0381
190 15:14:49.489 [root] [INFO] :   16 (       PC 20:3, Lyso) : 0.0119
190 15:14:49.489 [root] [INFO] :   17 ( PC 18:1 C1 Carbonyl) : 0.0216
190 15:14:49.489 [root] [INFO] :   18 (         PAF -O-18:0) : 0.0065
190 15:14:49.489 [root] [INFO] :   19 (               POVPC) : 0.0043
190 15:14:49.489 [root] [INFO] :   20 ( PC 22:6 C1 Carbonyl) : 0.0042
190 15:14:49.489 [root] [INFO] :   21 (                PGPC) : 0.0140
190 15:14:49.489 [root] [INFO] :   22 (               PONPC) : 0.0266
190 15:14:49.490 [root] [INFO] :   23 (PC 16:0 C9 Carbon...) : 0.0263
190 15:14:49.490 [root] [INFO] :   24 (               PAzPC) : 0.0637
190 15:14:49.490 [root] [INFO] :   25 (                DPPC) : 0.1045
190 15:14:49.490 [root] [INFO] :   26 (                PLPC) : 0.0930
190 15:14:49.490 [root] [INFO] :   27 (                PAPC) : 0.1050
190 15:14:49.490 [root] [INFO] :   28 (                SLPC) : 0.0751
190 15:14:49.490 [root] [INFO] :   29 (             PAPC-OH) : 0.0582
190 15:14:49.490 [root] [INFO] :   30 (               PDHPC) : 0.1029
190 15:14:49.490 [root] [INFO] :   31 (               PECPC) : 0.0137
190 15:14:49.490 [root] [INFO] :   32 (                SAPC) : 0.0546
190 15:14:49.490 [root] [INFO] :   33 (             isoPGJ2) : 0.0163
190 15:14:49.490 [root] [INFO] :   34 (            PAPC-OOH) : 0.0037
190 15:14:49.490 [root] [INFO] :   35 (               PEIPC) : 0.0047
190 15:14:49.490 [root] [INFO] :   36 (          isoPGF-PPC) : 0.0162
190 15:14:52.177 [root] [INFO] : done
