190 14:43:02.455 [root] [INFO] : norm: '', problem: 'SC_n SC_p'
190 14:43:03.634 [root] [INFO] : y_slice: slice(625, 641, None), x_slice: slice(448, 654, None)
190 14:43:03.750 [root] [INFO] : merged.data.shape=(102, 37)
190 14:43:03.750 [root] [INFO] : merged.target.shape=(102,)
190 14:43:04.614 [root] [INFO] : y_slice: slice(599, 617, None), x_slice: slice(534, 679, None)
190 14:43:04.696 [root] [INFO] : merged.data.shape=(50, 37)
190 14:43:04.697 [root] [INFO] : merged.target.shape=(50,)
190 14:43:05.450 [root] [INFO] : y_slice: slice(608, 611, None), x_slice: slice(706, 738, None)
190 14:43:05.472 [root] [INFO] : merged.data.shape=(21, 37)
190 14:43:05.472 [root] [INFO] : merged.target.shape=(21,)
190 14:43:05.472 [root] [INFO] : ds_x.shape=(173, 37)
190 14:43:05.472 [root] [INFO] : checking for class imbalance:
190 14:43:05.472 [root] [INFO] : occurrence_per_class: {'SC_n': 67, 'SC_p': 106}
190 14:43:05.472 [root] [INFO] : max rel. occurrence = 0.6127
190 14:43:05.472 [root] [INFO] : min rel. occurrence = 0.3873
190 14:43:05.472 [root] [INFO] : . . .  1 / #classes = 0.5000
190 14:43:05.473 [root] [INFO] : terms: ['SC_n', 'SC_p']
190 14:43:05.473 [root] [INFO] : starting assessment procedure
190 14:44:35.983 [root] [INFO] : duration: 90.51008605957031
190 14:44:35.983 [root] [INFO] : scores: [0.71428571 0.65714286 0.65714286 0.58823529 0.67647059] (0.6586554621848739 pm 0.04575936976084287)
190 14:44:35.983 [root] [INFO] : starting selection procedure
190 14:44:54.566 [root] [INFO] : duration: 18.58304524421692
190 14:44:54.566 [root] [INFO] : model: <class 'sklearn.ensemble._forest.RandomForestClassifier'>, parameters: {'max_depth': 20, 'max_features': 'sqrt', 'n_estimators': 500}
190 14:44:54.567 [root] [INFO] : training model
190 14:44:55.114 [root] [INFO] : feature importances:
190 14:44:55.151 [root] [INFO] :   00 (     X-X-x-farnesene) : 0.0152
190 14:44:55.151 [root] [INFO] :   01 (         hexadecanol) : 0.0129
190 14:44:55.151 [root] [INFO] :   02 (  hexcadecyl acetate) : 0.0109
190 14:44:55.151 [root] [INFO] :   03 (                  AA) : 0.0135
190 14:44:55.151 [root] [INFO] :   04 (            15d PGJ2) : 0.0000
190 14:44:55.151 [root] [INFO] :   05 (          12/15sHETE) : 0.0005
190 14:44:55.151 [root] [INFO] :   06 (                PGJ2) : 0.0013
190 14:44:55.151 [root] [INFO] :   07 (                LTB4) : 0.0055
190 14:44:55.152 [root] [INFO] :   08 (         PGD2 / PGE2) : 0.0002
190 14:44:55.152 [root] [INFO] :   09 (               PGF2a) : 0.0000
190 14:44:55.152 [root] [INFO] :   10 (   Neuroprotectin D1) : 0.0013
190 14:44:55.152 [root] [INFO] :   11 (                TXB2) : 0.0010
190 14:44:55.152 [root] [INFO] :   12 (         Resolvin D1) : 0.0000
190 14:44:55.152 [root] [INFO] :   13 (Sphingosine-1-pho...) : 0.0000
190 14:44:55.152 [root] [INFO] :   14 (             LysoPPC) : 0.0663
190 14:44:55.152 [root] [INFO] :   15 (LysoSPC/  PAF -O-...) : 0.0837
190 14:44:55.152 [root] [INFO] :   16 (       PC 20:3, Lyso) : 0.0121
190 14:44:55.152 [root] [INFO] :   17 ( PC 18:1 C1 Carbonyl) : 0.0220
190 14:44:55.152 [root] [INFO] :   18 (         PAF -O-18:0) : 0.0022
190 14:44:55.152 [root] [INFO] :   19 (               POVPC) : 0.0076
190 14:44:55.152 [root] [INFO] :   20 ( PC 22:6 C1 Carbonyl) : 0.0008
190 14:44:55.152 [root] [INFO] :   21 (                PGPC) : 0.0067
190 14:44:55.152 [root] [INFO] :   22 (               PONPC) : 0.0400
190 14:44:55.152 [root] [INFO] :   23 (PC 16:0 C9 Carbon...) : 0.0327
190 14:44:55.152 [root] [INFO] :   24 (               PAzPC) : 0.0660
190 14:44:55.152 [root] [INFO] :   25 (                DPPC) : 0.1201
190 14:44:55.152 [root] [INFO] :   26 (                PLPC) : 0.0893
190 14:44:55.152 [root] [INFO] :   27 (                PAPC) : 0.0875
190 14:44:55.152 [root] [INFO] :   28 (                SLPC) : 0.1114
190 14:44:55.152 [root] [INFO] :   29 (             PAPC-OH) : 0.0226
190 14:44:55.152 [root] [INFO] :   30 (               PDHPC) : 0.0442
190 14:44:55.152 [root] [INFO] :   31 (               PECPC) : 0.0104
190 14:44:55.152 [root] [INFO] :   32 (                SAPC) : 0.0686
190 14:44:55.153 [root] [INFO] :   33 (             isoPGJ2) : 0.0157
190 14:44:55.153 [root] [INFO] :   34 (            PAPC-OOH) : 0.0087
190 14:44:55.153 [root] [INFO] :   35 (               PEIPC) : 0.0063
190 14:44:55.153 [root] [INFO] :   36 (          isoPGF-PPC) : 0.0128
190 14:44:57.725 [root] [INFO] : done
