190 14:41:10.561 [root] [INFO] : norm: '', problem: 'SC_n SC_p'
190 14:41:11.704 [root] [INFO] : y_slice: slice(625, 641, None), x_slice: slice(448, 654, None)
190 14:41:11.820 [root] [INFO] : merged.data.shape=(102, 37)
190 14:41:11.821 [root] [INFO] : merged.target.shape=(102,)
190 14:41:12.690 [root] [INFO] : y_slice: slice(599, 617, None), x_slice: slice(534, 679, None)
190 14:41:12.774 [root] [INFO] : merged.data.shape=(50, 37)
190 14:41:12.774 [root] [INFO] : merged.target.shape=(50,)
190 14:41:13.563 [root] [INFO] : y_slice: slice(608, 611, None), x_slice: slice(706, 738, None)
190 14:41:13.584 [root] [INFO] : merged.data.shape=(21, 37)
190 14:41:13.585 [root] [INFO] : merged.target.shape=(21,)
190 14:41:13.585 [root] [INFO] : ds_x.shape=(173, 37)
190 14:41:13.585 [root] [INFO] : checking for class imbalance:
190 14:41:13.585 [root] [INFO] : occurrence_per_class: {'SC_n': 67, 'SC_p': 106}
190 14:41:13.585 [root] [INFO] : max rel. occurrence = 0.6127
190 14:41:13.585 [root] [INFO] : min rel. occurrence = 0.3873
190 14:41:13.585 [root] [INFO] : . . .  1 / #classes = 0.5000
190 14:41:13.585 [root] [INFO] : terms: ['SC_n', 'SC_p']
190 14:41:13.585 [root] [INFO] : starting assessment procedure
190 14:42:41.592 [root] [INFO] : duration: 88.00675988197327
190 14:42:41.592 [root] [INFO] : scores: [0.58064516 0.52941176 0.63636364 0.53846154 0.32653061] (0.5222825426132556 pm 0.11731591448666609)
190 14:42:41.593 [root] [INFO] : starting selection procedure
190 14:43:00.002 [root] [INFO] : duration: 18.409693241119385
190 14:43:00.002 [root] [INFO] : model: <class 'sklearn.tree._classes.DecisionTreeClassifier'>, parameters: {'max_depth': 20}
190 14:43:00.003 [root] [INFO] : training model
190 14:43:00.004 [root] [INFO] : feature importances:
190 14:43:00.004 [root] [INFO] :   00 (     X-X-x-farnesene) : 0.0202
190 14:43:00.004 [root] [INFO] :   01 (         hexadecanol) : 0.0000
190 14:43:00.004 [root] [INFO] :   02 (  hexcadecyl acetate) : 0.0459
190 14:43:00.004 [root] [INFO] :   03 (                  AA) : 0.0227
190 14:43:00.004 [root] [INFO] :   04 (            15d PGJ2) : 0.0000
190 14:43:00.004 [root] [INFO] :   05 (          12/15sHETE) : 0.0000
190 14:43:00.004 [root] [INFO] :   06 (                PGJ2) : 0.0000
190 14:43:00.004 [root] [INFO] :   07 (                LTB4) : 0.0000
190 14:43:00.004 [root] [INFO] :   08 (         PGD2 / PGE2) : 0.0000
190 14:43:00.004 [root] [INFO] :   09 (               PGF2a) : 0.0000
190 14:43:00.004 [root] [INFO] :   10 (   Neuroprotectin D1) : 0.0000
190 14:43:00.004 [root] [INFO] :   11 (                TXB2) : 0.0000
190 14:43:00.004 [root] [INFO] :   12 (         Resolvin D1) : 0.0000
190 14:43:00.004 [root] [INFO] :   13 (Sphingosine-1-pho...) : 0.0000
190 14:43:00.005 [root] [INFO] :   14 (             LysoPPC) : 0.0541
190 14:43:00.005 [root] [INFO] :   15 (LysoSPC/  PAF -O-...) : 0.1797
190 14:43:00.005 [root] [INFO] :   16 (       PC 20:3, Lyso) : 0.0000
190 14:43:00.005 [root] [INFO] :   17 ( PC 18:1 C1 Carbonyl) : 0.0071
190 14:43:00.005 [root] [INFO] :   18 (         PAF -O-18:0) : 0.0000
190 14:43:00.005 [root] [INFO] :   19 (               POVPC) : 0.0000
190 14:43:00.005 [root] [INFO] :   20 ( PC 22:6 C1 Carbonyl) : 0.0000
190 14:43:00.005 [root] [INFO] :   21 (                PGPC) : 0.0000
190 14:43:00.005 [root] [INFO] :   22 (               PONPC) : 0.0682
190 14:43:00.005 [root] [INFO] :   23 (PC 16:0 C9 Carbon...) : 0.0126
190 14:43:00.005 [root] [INFO] :   24 (               PAzPC) : 0.0000
190 14:43:00.005 [root] [INFO] :   25 (                DPPC) : 0.1162
190 14:43:00.005 [root] [INFO] :   26 (                PLPC) : 0.0662
190 14:43:00.005 [root] [INFO] :   27 (                PAPC) : 0.1245
190 14:43:00.005 [root] [INFO] :   28 (                SLPC) : 0.2355
190 14:43:00.005 [root] [INFO] :   29 (             PAPC-OH) : 0.0000
190 14:43:00.005 [root] [INFO] :   30 (               PDHPC) : 0.0347
190 14:43:00.005 [root] [INFO] :   31 (               PECPC) : 0.0124
190 14:43:00.005 [root] [INFO] :   32 (                SAPC) : 0.0000
190 14:43:00.005 [root] [INFO] :   33 (             isoPGJ2) : 0.0000
190 14:43:00.005 [root] [INFO] :   34 (            PAPC-OOH) : 0.0000
190 14:43:00.005 [root] [INFO] :   35 (               PEIPC) : 0.0000
190 14:43:00.005 [root] [INFO] :   36 (          isoPGF-PPC) : 0.0000
190 14:43:02.455 [root] [INFO] : done
